{
  "/Users/jg/CTRI 16/Github/Week 10/kubby-buddy/server/controllers/containerController.ts": {
    "path": "/Users/jg/CTRI 16/Github/Week 10/kubby-buddy/server/controllers/containerController.ts",
    "statementMap": {
      "0": {
        "start": { "line": 2, "column": 0 },
        "end": { "line": 2, "column": 37 }
      },
      "1": {
        "start": { "line": 4, "column": 0 },
        "end": { "line": 4, "column": 33 }
      },
      "2": {
        "start": { "line": 6, "column": 22 },
        "end": { "line": 6, "column": 37 }
      },
      "3": {
        "start": { "line": 8, "column": 13 },
        "end": { "line": 8, "column": 87 }
      },
      "4": {
        "start": { "line": 9, "column": 13 },
        "end": { "line": 9, "column": 104 }
      },
      "5": {
        "start": { "line": 10, "column": 13 },
        "end": { "line": 10, "column": 64 }
      },
      "6": {
        "start": { "line": 11, "column": 13 },
        "end": { "line": 11, "column": 66 }
      },
      "7": {
        "start": { "line": 12, "column": 13 },
        "end": { "line": 12, "column": 82 }
      },
      "8": {
        "start": { "line": 13, "column": 13 },
        "end": { "line": 13, "column": 65 }
      },
      "9": {
        "start": { "line": 14, "column": 13 },
        "end": { "line": 14, "column": 63 }
      },
      "10": {
        "start": { "line": 17, "column": 23 },
        "end": { "line": 21, "column": 47 }
      },
      "11": {
        "start": { "line": 21, "column": 19 },
        "end": { "line": 21, "column": 47 }
      },
      "12": {
        "start": { "line": 23, "column": 2 },
        "end": { "line": 23, "column": 22 }
      },
      "13": {
        "start": { "line": 16, "column": 0 },
        "end": { "line": 16, "column": 16 }
      },
      "14": {
        "start": { "line": 27, "column": 23 },
        "end": { "line": 34, "column": 6 }
      },
      "15": {
        "start": { "line": 32, "column": 19 },
        "end": { "line": 32, "column": 46 }
      },
      "16": {
        "start": { "line": 33, "column": 6 },
        "end": { "line": 33, "column": 22 }
      },
      "17": {
        "start": { "line": 36, "column": 2 },
        "end": { "line": 36, "column": 22 }
      },
      "18": {
        "start": { "line": 26, "column": 0 },
        "end": { "line": 26, "column": 16 }
      },
      "19": {
        "start": { "line": 40, "column": 23 },
        "end": { "line": 46, "column": 4 }
      },
      "20": {
        "start": { "line": 47, "column": 2 },
        "end": { "line": 47, "column": 22 }
      },
      "21": {
        "start": { "line": 39, "column": 0 },
        "end": { "line": 39, "column": 16 }
      },
      "22": {
        "start": { "line": 51, "column": 15 },
        "end": { "line": 51, "column": 39 }
      },
      "23": {
        "start": { "line": 52, "column": 20 },
        "end": { "line": 52, "column": 36 }
      },
      "24": {
        "start": { "line": 53, "column": 33 },
        "end": { "line": 54, "column": null }
      },
      "25": {
        "start": { "line": 54, "column": 14 },
        "end": { "line": 54, "column": null }
      },
      "26": {
        "start": { "line": 56, "column": 30 },
        "end": { "line": 57, "column": null }
      },
      "27": {
        "start": { "line": 57, "column": 4 },
        "end": { "line": 57, "column": null }
      },
      "28": {
        "start": { "line": 60, "column": 28 },
        "end": { "line": 63, "column": 34 }
      },
      "29": {
        "start": { "line": 62, "column": 19 },
        "end": { "line": 62, "column": 31 }
      },
      "30": {
        "start": { "line": 63, "column": 22 },
        "end": { "line": 63, "column": 34 }
      },
      "31": {
        "start": { "line": 65, "column": 25 },
        "end": { "line": 67, "column": 31 }
      },
      "32": {
        "start": { "line": 67, "column": 19 },
        "end": { "line": 67, "column": 31 }
      },
      "33": {
        "start": { "line": 69, "column": 17 },
        "end": { "line": 74, "column": 4 }
      },
      "34": {
        "start": { "line": 76, "column": 2 },
        "end": { "line": 76, "column": 16 }
      },
      "35": {
        "start": { "line": 50, "column": 0 },
        "end": { "line": 50, "column": 16 }
      },
      "36": {
        "start": { "line": 80, "column": 20 },
        "end": { "line": 80, "column": 56 }
      },
      "37": {
        "start": { "line": 83, "column": 2 },
        "end": { "line": 94, "column": 5 }
      },
      "38": {
        "start": { "line": 84, "column": 4 },
        "end": { "line": 93, "column": null }
      },
      "39": {
        "start": { "line": 85, "column": 6 },
        "end": { "line": 85, "column": 41 }
      },
      "40": {
        "start": { "line": 87, "column": 6 },
        "end": { "line": 92, "column": null }
      },
      "41": {
        "start": { "line": 88, "column": 30 },
        "end": { "line": 88, "column": 76 }
      },
      "42": {
        "start": { "line": 88, "column": 60 },
        "end": { "line": 88, "column": 76 }
      },
      "43": {
        "start": { "line": 89, "column": 8 },
        "end": { "line": 89, "column": 49 }
      },
      "44": {
        "start": { "line": 91, "column": 8 },
        "end": { "line": 91, "column": 32 }
      },
      "45": {
        "start": { "line": 96, "column": 2 },
        "end": { "line": 96, "column": 25 }
      },
      "46": {
        "start": { "line": 79, "column": 0 },
        "end": { "line": 79, "column": 16 }
      },
      "47": {
        "start": { "line": 100, "column": 17 },
        "end": { "line": 100, "column": 41 }
      },
      "48": {
        "start": { "line": 101, "column": 2 },
        "end": { "line": 101, "column": 31 }
      },
      "49": {
        "start": { "line": 99, "column": 0 },
        "end": { "line": 99, "column": 16 }
      },
      "50": {
        "start": { "line": 104, "column": 13 },
        "end": { "line": 321, "column": 2 }
      },
      "51": {
        "start": { "line": 110, "column": 22 },
        "end": { "line": 135, "column": null }
      },
      "52": {
        "start": { "line": 113, "column": 33 },
        "end": { "line": 115, "column": null }
      },
      "53": {
        "start": { "line": 113, "column": 12 },
        "end": { "line": 113, "column": 33 }
      },
      "54": {
        "start": { "line": 116, "column": 6 },
        "end": { "line": 124, "column": null }
      },
      "55": {
        "start": { "line": 117, "column": 14 },
        "end": { "line": 122, "column": 10 }
      },
      "56": {
        "start": { "line": 123, "column": 8 },
        "end": { "line": 123, "column": 27 }
      },
      "57": {
        "start": { "line": 125, "column": 6 },
        "end": { "line": 125, "column": 60 }
      },
      "58": {
        "start": { "line": 126, "column": 6 },
        "end": { "line": 126, "column": 13 }
      },
      "59": {
        "start": { "line": 128, "column": 12 },
        "end": { "line": 132, "column": 8 }
      },
      "60": {
        "start": { "line": 133, "column": 6 },
        "end": { "line": 133, "column": 25 }
      },
      "61": {
        "start": { "line": 141, "column": 22 },
        "end": { "line": 167, "column": null }
      },
      "62": {
        "start": { "line": 144, "column": 33 },
        "end": { "line": 146, "column": null }
      },
      "63": {
        "start": { "line": 144, "column": 12 },
        "end": { "line": 144, "column": 33 }
      },
      "64": {
        "start": { "line": 147, "column": 6 },
        "end": { "line": 155, "column": null }
      },
      "65": {
        "start": { "line": 148, "column": 14 },
        "end": { "line": 153, "column": 10 }
      },
      "66": {
        "start": { "line": 154, "column": 8 },
        "end": { "line": 154, "column": 27 }
      },
      "67": {
        "start": { "line": 157, "column": 6 },
        "end": { "line": 157, "column": 70 }
      },
      "68": {
        "start": { "line": 158, "column": 6 },
        "end": { "line": 158, "column": 13 }
      },
      "69": {
        "start": { "line": 160, "column": 12 },
        "end": { "line": 164, "column": 8 }
      },
      "70": {
        "start": { "line": 165, "column": 6 },
        "end": { "line": 165, "column": 25 }
      },
      "71": {
        "start": { "line": 174, "column": 22 },
        "end": { "line": 205, "column": null }
      },
      "72": {
        "start": { "line": 176, "column": 4 },
        "end": { "line": 176, "column": 43 }
      },
      "73": {
        "start": { "line": 177, "column": 4 },
        "end": { "line": 179, "column": null }
      },
      "74": {
        "start": { "line": 178, "column": 6 },
        "end": { "line": 178, "column": 13 }
      },
      "75": {
        "start": { "line": 180, "column": 12 },
        "end": { "line": 180, "column": 21 }
      },
      "76": {
        "start": { "line": 183, "column": 33 },
        "end": { "line": 185, "column": null }
      },
      "77": {
        "start": { "line": 183, "column": 12 },
        "end": { "line": 183, "column": 33 }
      },
      "78": {
        "start": { "line": 186, "column": 6 },
        "end": { "line": 194, "column": null }
      },
      "79": {
        "start": { "line": 187, "column": 14 },
        "end": { "line": 192, "column": 10 }
      },
      "80": {
        "start": { "line": 193, "column": 8 },
        "end": { "line": 193, "column": 27 }
      },
      "81": {
        "start": { "line": 195, "column": 6 },
        "end": { "line": 195, "column": 65 }
      },
      "82": {
        "start": { "line": 196, "column": 6 },
        "end": { "line": 196, "column": 13 }
      },
      "83": {
        "start": { "line": 198, "column": 12 },
        "end": { "line": 202, "column": 8 }
      },
      "84": {
        "start": { "line": 203, "column": 6 },
        "end": { "line": 203, "column": 25 }
      },
      "85": {
        "start": { "line": 212, "column": 22 },
        "end": { "line": 238, "column": null }
      },
      "86": {
        "start": { "line": 214, "column": 12 },
        "end": { "line": 214, "column": 21 }
      },
      "87": {
        "start": { "line": 216, "column": 33 },
        "end": { "line": 218, "column": null }
      },
      "88": {
        "start": { "line": 216, "column": 12 },
        "end": { "line": 216, "column": 33 }
      },
      "89": {
        "start": { "line": 219, "column": 6 },
        "end": { "line": 227, "column": null }
      },
      "90": {
        "start": { "line": 220, "column": 14 },
        "end": { "line": 225, "column": 10 }
      },
      "91": {
        "start": { "line": 226, "column": 8 },
        "end": { "line": 226, "column": 27 }
      },
      "92": {
        "start": { "line": 228, "column": 6 },
        "end": { "line": 228, "column": 65 }
      },
      "93": {
        "start": { "line": 229, "column": 6 },
        "end": { "line": 229, "column": 13 }
      },
      "94": {
        "start": { "line": 231, "column": 12 },
        "end": { "line": 235, "column": 8 }
      },
      "95": {
        "start": { "line": 236, "column": 6 },
        "end": { "line": 236, "column": 25 }
      },
      "96": {
        "start": { "line": 245, "column": 22 },
        "end": { "line": 270, "column": null }
      },
      "97": {
        "start": { "line": 248, "column": 33 },
        "end": { "line": 250, "column": null }
      },
      "98": {
        "start": { "line": 248, "column": 12 },
        "end": { "line": 248, "column": 33 }
      },
      "99": {
        "start": { "line": 251, "column": 6 },
        "end": { "line": 259, "column": null }
      },
      "100": {
        "start": { "line": 252, "column": 14 },
        "end": { "line": 257, "column": 10 }
      },
      "101": {
        "start": { "line": 258, "column": 8 },
        "end": { "line": 258, "column": 27 }
      },
      "102": {
        "start": { "line": 260, "column": 6 },
        "end": { "line": 260, "column": 79 }
      },
      "103": {
        "start": { "line": 261, "column": 6 },
        "end": { "line": 261, "column": 13 }
      },
      "104": {
        "start": { "line": 263, "column": 12 },
        "end": { "line": 267, "column": 8 }
      },
      "105": {
        "start": { "line": 268, "column": 6 },
        "end": { "line": 268, "column": 25 }
      },
      "106": {
        "start": { "line": 274, "column": 72 },
        "end": { "line": 290, "column": null }
      },
      "107": {
        "start": { "line": 275, "column": 4 },
        "end": { "line": 275, "column": 27 }
      },
      "108": {
        "start": { "line": 276, "column": 12 },
        "end": { "line": 276, "column": 21 }
      },
      "109": {
        "start": { "line": 278, "column": 25 },
        "end": { "line": 278, "column": null }
      },
      "110": {
        "start": { "line": 278, "column": 14 },
        "end": { "line": 278, "column": 25 }
      },
      "111": {
        "start": { "line": 280, "column": 6 },
        "end": { "line": 280, "column": 45 }
      },
      "112": {
        "start": { "line": 281, "column": 6 },
        "end": { "line": 281, "column": 13 }
      },
      "113": {
        "start": { "line": 283, "column": 12 },
        "end": { "line": 287, "column": 8 }
      },
      "114": {
        "start": { "line": 288, "column": 6 },
        "end": { "line": 288, "column": 25 }
      },
      "115": {
        "start": { "line": 295, "column": 22 },
        "end": { "line": 320, "column": null }
      },
      "116": {
        "start": { "line": 297, "column": 12 },
        "end": { "line": 297, "column": 21 }
      },
      "117": {
        "start": { "line": 299, "column": 33 },
        "end": { "line": 301, "column": null }
      },
      "118": {
        "start": { "line": 299, "column": 12 },
        "end": { "line": 299, "column": 33 }
      },
      "119": {
        "start": { "line": 302, "column": 6 },
        "end": { "line": 309, "column": null }
      },
      "120": {
        "start": { "line": 303, "column": 14 },
        "end": { "line": 307, "column": 10 }
      },
      "121": {
        "start": { "line": 308, "column": 8 },
        "end": { "line": 308, "column": 27 }
      },
      "122": {
        "start": { "line": 310, "column": 6 },
        "end": { "line": 310, "column": 79 }
      },
      "123": {
        "start": { "line": 311, "column": 6 },
        "end": { "line": 311, "column": 13 }
      },
      "124": {
        "start": { "line": 313, "column": 12 },
        "end": { "line": 317, "column": 8 }
      },
      "125": {
        "start": { "line": 318, "column": 6 },
        "end": { "line": 318, "column": 25 }
      },
      "126": {
        "start": { "line": 323, "column": 0 },
        "end": { "line": 323, "column": 35 }
      }
    },
    "fnMap": {
      "0": {
        "name": "parseOutputContainers",
        "decl": {
          "start": { "line": 16, "column": 16 },
          "end": { "line": 16, "column": 37 }
        },
        "loc": {
          "start": { "line": 16, "column": 59 },
          "end": { "line": 24, "column": 1 }
        }
      },
      "1": {
        "name": "(anonymous_14)",
        "decl": {
          "start": { "line": 21, "column": 9 },
          "end": { "line": 21, "column": 10 }
        },
        "loc": {
          "start": { "line": 21, "column": 14 },
          "end": { "line": 21, "column": 23 }
        }
      },
      "2": {
        "name": "parseOutputContainersNames",
        "decl": {
          "start": { "line": 26, "column": 16 },
          "end": { "line": 26, "column": 42 }
        },
        "loc": {
          "start": { "line": 26, "column": 64 },
          "end": { "line": 37, "column": 1 }
        }
      },
      "3": {
        "name": "(anonymous_16)",
        "decl": {
          "start": { "line": 31, "column": 9 },
          "end": { "line": 31, "column": 10 }
        },
        "loc": {
          "start": { "line": 31, "column": 14 },
          "end": { "line": 34, "column": 5 }
        }
      },
      "4": {
        "name": "parseOutputStartStop",
        "decl": {
          "start": { "line": 39, "column": 16 },
          "end": { "line": 39, "column": 36 }
        },
        "loc": {
          "start": { "line": 39, "column": 58 },
          "end": { "line": 48, "column": 1 }
        }
      },
      "5": {
        "name": "parseOutputPruneStoppedContainers",
        "decl": {
          "start": { "line": 50, "column": 16 },
          "end": { "line": 50, "column": 49 }
        },
        "loc": {
          "start": { "line": 50, "column": 73 },
          "end": { "line": 77, "column": 1 }
        }
      },
      "6": {
        "name": "(anonymous_19)",
        "decl": {
          "start": { "line": 54, "column": 4 },
          "end": { "line": 54, "column": 5 }
        },
        "loc": {
          "start": { "line": 54, "column": 9 },
          "end": { "line": 54, "column": 18 }
        }
      },
      "7": {
        "name": "(anonymous_20)",
        "decl": {
          "start": { "line": 56, "column": 50 },
          "end": { "line": 56, "column": 51 }
        },
        "loc": {
          "start": { "line": 56, "column": 55 },
          "end": { "line": 57, "column": 8 }
        }
      },
      "8": {
        "name": "(anonymous_21)",
        "decl": {
          "start": { "line": 62, "column": 9 },
          "end": { "line": 62, "column": 10 }
        },
        "loc": {
          "start": { "line": 62, "column": 14 },
          "end": { "line": 62, "column": 23 }
        }
      },
      "9": {
        "name": "(anonymous_22)",
        "decl": {
          "start": { "line": 63, "column": 12 },
          "end": { "line": 63, "column": 13 }
        },
        "loc": {
          "start": { "line": 63, "column": 17 },
          "end": { "line": 63, "column": 26 }
        }
      },
      "10": {
        "name": "(anonymous_23)",
        "decl": {
          "start": { "line": 67, "column": 9 },
          "end": { "line": 67, "column": 10 }
        },
        "loc": {
          "start": { "line": 67, "column": 14 },
          "end": { "line": 67, "column": 23 }
        }
      },
      "11": {
        "name": "transformLogs",
        "decl": {
          "start": { "line": 79, "column": 16 },
          "end": { "line": 79, "column": 29 }
        },
        "loc": {
          "start": { "line": 79, "column": 53 },
          "end": { "line": 97, "column": 1 }
        }
      },
      "12": {
        "name": "(anonymous_25)",
        "decl": {
          "start": { "line": 83, "column": 34 },
          "end": { "line": 83, "column": 35 }
        },
        "loc": {
          "start": { "line": 83, "column": 39 },
          "end": { "line": 94, "column": 3 }
        }
      },
      "13": {
        "name": "(anonymous_26)",
        "decl": {
          "start": { "line": 88, "column": 50 },
          "end": { "line": 88, "column": 51 }
        },
        "loc": {
          "start": { "line": 88, "column": 55 },
          "end": { "line": 88, "column": 64 }
        }
      },
      "14": {
        "name": "parseOutputRemoveSpecificContainer",
        "decl": {
          "start": { "line": 99, "column": 16 },
          "end": { "line": 99, "column": 50 }
        },
        "loc": {
          "start": { "line": 99, "column": 74 },
          "end": { "line": 102, "column": 1 }
        }
      },
      "15": {
        "name": "(anonymous_28)",
        "decl": {
          "start": { "line": 107, "column": 27 },
          "end": { "line": 107, "column": null }
        },
        "loc": {
          "start": { "line": 110, "column": 22 },
          "end": { "line": 135, "column": null }
        }
      },
      "16": {
        "name": "(anonymous_29)",
        "decl": {
          "start": { "line": 110, "column": 22 },
          "end": { "line": 110, "column": null }
        },
        "loc": {
          "start": { "line": 110, "column": 22 },
          "end": { "line": 135, "column": null }
        }
      },
      "17": {
        "name": "(anonymous_31)",
        "decl": {
          "start": { "line": 138, "column": 32 },
          "end": { "line": 138, "column": null }
        },
        "loc": {
          "start": { "line": 141, "column": 22 },
          "end": { "line": 167, "column": null }
        }
      },
      "18": {
        "name": "(anonymous_32)",
        "decl": {
          "start": { "line": 141, "column": 22 },
          "end": { "line": 141, "column": null }
        },
        "loc": {
          "start": { "line": 141, "column": 22 },
          "end": { "line": 167, "column": null }
        }
      },
      "19": {
        "name": "(anonymous_34)",
        "decl": {
          "start": { "line": 171, "column": 26 },
          "end": { "line": 171, "column": null }
        },
        "loc": {
          "start": { "line": 174, "column": 22 },
          "end": { "line": 205, "column": null }
        }
      },
      "20": {
        "name": "(anonymous_35)",
        "decl": {
          "start": { "line": 174, "column": 22 },
          "end": { "line": 174, "column": null }
        },
        "loc": {
          "start": { "line": 174, "column": 22 },
          "end": { "line": 205, "column": null }
        }
      },
      "21": {
        "name": "(anonymous_37)",
        "decl": {
          "start": { "line": 209, "column": 27 },
          "end": { "line": 209, "column": null }
        },
        "loc": {
          "start": { "line": 212, "column": 22 },
          "end": { "line": 238, "column": null }
        }
      },
      "22": {
        "name": "(anonymous_38)",
        "decl": {
          "start": { "line": 212, "column": 22 },
          "end": { "line": 212, "column": null }
        },
        "loc": {
          "start": { "line": 212, "column": 22 },
          "end": { "line": 238, "column": null }
        }
      },
      "23": {
        "name": "(anonymous_40)",
        "decl": {
          "start": { "line": 242, "column": 26 },
          "end": { "line": 242, "column": null }
        },
        "loc": {
          "start": { "line": 245, "column": 22 },
          "end": { "line": 270, "column": null }
        }
      },
      "24": {
        "name": "(anonymous_41)",
        "decl": {
          "start": { "line": 245, "column": 22 },
          "end": { "line": 245, "column": null }
        },
        "loc": {
          "start": { "line": 245, "column": 22 },
          "end": { "line": 270, "column": null }
        }
      },
      "25": {
        "name": "(anonymous_43)",
        "decl": {
          "start": { "line": 274, "column": 18 },
          "end": { "line": 274, "column": 25 }
        },
        "loc": {
          "start": { "line": 274, "column": 72 },
          "end": { "line": 290, "column": null }
        }
      },
      "26": {
        "name": "(anonymous_44)",
        "decl": {
          "start": { "line": 274, "column": 72 },
          "end": { "line": 274, "column": null }
        },
        "loc": {
          "start": { "line": 274, "column": 72 },
          "end": { "line": 290, "column": null }
        }
      },
      "27": {
        "name": "(anonymous_46)",
        "decl": {
          "start": { "line": 292, "column": 27 },
          "end": { "line": 292, "column": null }
        },
        "loc": {
          "start": { "line": 295, "column": 22 },
          "end": { "line": 320, "column": null }
        }
      },
      "28": {
        "name": "(anonymous_47)",
        "decl": {
          "start": { "line": 295, "column": 22 },
          "end": { "line": 295, "column": null }
        },
        "loc": {
          "start": { "line": 295, "column": 22 },
          "end": { "line": 320, "column": null }
        }
      }
    },
    "branchMap": {
      "0": {
        "loc": {
          "start": { "line": 42, "column": 15 },
          "end": { "line": 44, "column": 39 }
        },
        "type": "cond-expr",
        "locations": [
          {
            "start": { "line": 43, "column": 10 },
            "end": { "line": 43, "column": 50 }
          },
          {
            "start": { "line": 44, "column": 10 },
            "end": { "line": 44, "column": 39 }
          }
        ]
      },
      "1": {
        "loc": {
          "start": { "line": 87, "column": 6 },
          "end": { "line": 92, "column": null }
        },
        "type": "if",
        "locations": [
          {
            "start": { "line": 87, "column": 6 },
            "end": { "line": 92, "column": null }
          },
          {
            "start": { "line": 90, "column": 13 },
            "end": { "line": 92, "column": null }
          }
        ]
      },
      "2": {
        "loc": {
          "start": { "line": 116, "column": 6 },
          "end": { "line": 124, "column": null }
        },
        "type": "if",
        "locations": [
          {
            "start": { "line": 116, "column": 6 },
            "end": { "line": 124, "column": null }
          }
        ]
      },
      "3": {
        "loc": {
          "start": { "line": 147, "column": 6 },
          "end": { "line": 155, "column": null }
        },
        "type": "if",
        "locations": [
          {
            "start": { "line": 147, "column": 6 },
            "end": { "line": 155, "column": null }
          }
        ]
      },
      "4": {
        "loc": {
          "start": { "line": 177, "column": 4 },
          "end": { "line": 179, "column": null }
        },
        "type": "if",
        "locations": [
          {
            "start": { "line": 177, "column": 4 },
            "end": { "line": 179, "column": null }
          }
        ]
      },
      "5": {
        "loc": {
          "start": { "line": 186, "column": 6 },
          "end": { "line": 194, "column": null }
        },
        "type": "if",
        "locations": [
          {
            "start": { "line": 186, "column": 6 },
            "end": { "line": 194, "column": null }
          }
        ]
      },
      "6": {
        "loc": {
          "start": { "line": 219, "column": 6 },
          "end": { "line": 227, "column": null }
        },
        "type": "if",
        "locations": [
          {
            "start": { "line": 219, "column": 6 },
            "end": { "line": 227, "column": null }
          }
        ]
      },
      "7": {
        "loc": {
          "start": { "line": 251, "column": 6 },
          "end": { "line": 259, "column": null }
        },
        "type": "if",
        "locations": [
          {
            "start": { "line": 251, "column": 6 },
            "end": { "line": 259, "column": null }
          }
        ]
      },
      "8": {
        "loc": {
          "start": { "line": 302, "column": 6 },
          "end": { "line": 309, "column": null }
        },
        "type": "if",
        "locations": [
          {
            "start": { "line": 302, "column": 6 },
            "end": { "line": 309, "column": null }
          }
        ]
      }
    },
    "s": {
      "0": 1,
      "1": 1,
      "2": 1,
      "3": 1,
      "4": 1,
      "5": 1,
      "6": 1,
      "7": 1,
      "8": 1,
      "9": 1,
      "10": 1,
      "11": 2,
      "12": 1,
      "13": 1,
      "14": 1,
      "15": 2,
      "16": 2,
      "17": 1,
      "18": 1,
      "19": 0,
      "20": 0,
      "21": 1,
      "22": 0,
      "23": 0,
      "24": 0,
      "25": 0,
      "26": 0,
      "27": 0,
      "28": 0,
      "29": 0,
      "30": 0,
      "31": 0,
      "32": 0,
      "33": 0,
      "34": 0,
      "35": 1,
      "36": 0,
      "37": 0,
      "38": 0,
      "39": 0,
      "40": 0,
      "41": 0,
      "42": 0,
      "43": 0,
      "44": 0,
      "45": 0,
      "46": 1,
      "47": 0,
      "48": 0,
      "49": 1,
      "50": 1,
      "51": 0,
      "52": 0,
      "53": 0,
      "54": 0,
      "55": 0,
      "56": 0,
      "57": 0,
      "58": 0,
      "59": 0,
      "60": 0,
      "61": 0,
      "62": 0,
      "63": 0,
      "64": 0,
      "65": 0,
      "66": 0,
      "67": 0,
      "68": 0,
      "69": 0,
      "70": 0,
      "71": 0,
      "72": 0,
      "73": 0,
      "74": 0,
      "75": 0,
      "76": 0,
      "77": 0,
      "78": 0,
      "79": 0,
      "80": 0,
      "81": 0,
      "82": 0,
      "83": 0,
      "84": 0,
      "85": 0,
      "86": 0,
      "87": 0,
      "88": 0,
      "89": 0,
      "90": 0,
      "91": 0,
      "92": 0,
      "93": 0,
      "94": 0,
      "95": 0,
      "96": 0,
      "97": 0,
      "98": 0,
      "99": 0,
      "100": 0,
      "101": 0,
      "102": 0,
      "103": 0,
      "104": 0,
      "105": 0,
      "106": 0,
      "107": 0,
      "108": 0,
      "109": 0,
      "110": 0,
      "111": 0,
      "112": 0,
      "113": 0,
      "114": 0,
      "115": 0,
      "116": 0,
      "117": 0,
      "118": 0,
      "119": 0,
      "120": 0,
      "121": 0,
      "122": 0,
      "123": 0,
      "124": 0,
      "125": 0,
      "126": 1
    },
    "f": {
      "0": 1,
      "1": 2,
      "2": 1,
      "3": 2,
      "4": 0,
      "5": 0,
      "6": 0,
      "7": 0,
      "8": 0,
      "9": 0,
      "10": 0,
      "11": 0,
      "12": 0,
      "13": 0,
      "14": 0,
      "15": 0,
      "16": 0,
      "17": 0,
      "18": 0,
      "19": 0,
      "20": 0,
      "21": 0,
      "22": 0,
      "23": 0,
      "24": 0,
      "25": 0,
      "26": 0,
      "27": 0,
      "28": 0
    },
    "b": {
      "0": [0, 0],
      "1": [0, 0],
      "2": [0],
      "3": [0],
      "4": [0],
      "5": [0],
      "6": [0],
      "7": [0],
      "8": [0]
    }
  },
  "/Users/jg/CTRI 16/Github/Week 10/kubby-buddy/server/routes/containerRoutes.ts": {
    "path": "/Users/jg/CTRI 16/Github/Week 10/kubby-buddy/server/routes/containerRoutes.ts",
    "statementMap": {
      "0": {
        "start": { "line": 1, "column": 0 },
        "end": { "line": 1, "column": 53 }
      },
      "1": {
        "start": { "line": 2, "column": 0 },
        "end": { "line": 2, "column": 69 }
      },
      "2": {
        "start": { "line": 5, "column": 24 },
        "end": { "line": 5, "column": 40 }
      },
      "3": {
        "start": { "line": 10, "column": 0 },
        "end": { "line": 16, "column": 2 }
      },
      "4": {
        "start": { "line": 14, "column": 4 },
        "end": { "line": 14, "column": 48 }
      },
      "5": {
        "start": { "line": 21, "column": 0 },
        "end": { "line": 27, "column": 2 }
      },
      "6": {
        "start": { "line": 25, "column": 4 },
        "end": { "line": 25, "column": 53 }
      },
      "7": {
        "start": { "line": 32, "column": 0 },
        "end": { "line": 38, "column": 2 }
      },
      "8": {
        "start": { "line": 36, "column": 4 },
        "end": { "line": 36, "column": 54 }
      },
      "9": {
        "start": { "line": 43, "column": 0 },
        "end": { "line": 49, "column": 2 }
      },
      "10": {
        "start": { "line": 47, "column": 4 },
        "end": { "line": 47, "column": 54 }
      },
      "11": {
        "start": { "line": 54, "column": 0 },
        "end": { "line": 60, "column": 2 }
      },
      "12": {
        "start": { "line": 58, "column": 4 },
        "end": { "line": 58, "column": 55 }
      },
      "13": {
        "start": { "line": 65, "column": 0 },
        "end": { "line": 71, "column": 2 }
      },
      "14": {
        "start": { "line": 69, "column": 4 },
        "end": { "line": 69, "column": 41 }
      },
      "15": {
        "start": { "line": 77, "column": 0 },
        "end": { "line": 83, "column": 2 }
      },
      "16": {
        "start": { "line": 81, "column": 4 },
        "end": { "line": 81, "column": 54 }
      },
      "17": {
        "start": { "line": 84, "column": 0 },
        "end": { "line": 86, "column": 3 }
      },
      "18": {
        "start": { "line": 85, "column": 2 },
        "end": { "line": 85, "column": 35 }
      },
      "19": {
        "start": { "line": 88, "column": 0 },
        "end": { "line": 88, "column": 31 }
      }
    },
    "fnMap": {
      "0": {
        "name": "(anonymous_1)",
        "decl": {
          "start": { "line": 13, "column": 2 },
          "end": { "line": 13, "column": 3 }
        },
        "loc": {
          "start": { "line": 13, "column": 31 },
          "end": { "line": 15, "column": 3 }
        }
      },
      "1": {
        "name": "(anonymous_2)",
        "decl": {
          "start": { "line": 24, "column": 2 },
          "end": { "line": 24, "column": 3 }
        },
        "loc": {
          "start": { "line": 24, "column": 31 },
          "end": { "line": 26, "column": 3 }
        }
      },
      "2": {
        "name": "(anonymous_3)",
        "decl": {
          "start": { "line": 35, "column": 2 },
          "end": { "line": 35, "column": 3 }
        },
        "loc": {
          "start": { "line": 35, "column": 31 },
          "end": { "line": 37, "column": 3 }
        }
      },
      "3": {
        "name": "(anonymous_4)",
        "decl": {
          "start": { "line": 46, "column": 2 },
          "end": { "line": 46, "column": 3 }
        },
        "loc": {
          "start": { "line": 46, "column": 31 },
          "end": { "line": 48, "column": 3 }
        }
      },
      "4": {
        "name": "(anonymous_5)",
        "decl": {
          "start": { "line": 57, "column": 2 },
          "end": { "line": 57, "column": 3 }
        },
        "loc": {
          "start": { "line": 57, "column": 31 },
          "end": { "line": 59, "column": 3 }
        }
      },
      "5": {
        "name": "(anonymous_6)",
        "decl": {
          "start": { "line": 68, "column": 2 },
          "end": { "line": 68, "column": 3 }
        },
        "loc": {
          "start": { "line": 68, "column": 31 },
          "end": { "line": 70, "column": 3 }
        }
      },
      "6": {
        "name": "(anonymous_7)",
        "decl": {
          "start": { "line": 80, "column": 2 },
          "end": { "line": 80, "column": 3 }
        },
        "loc": {
          "start": { "line": 80, "column": 31 },
          "end": { "line": 82, "column": 3 }
        }
      },
      "7": {
        "name": "(anonymous_8)",
        "decl": {
          "start": { "line": 84, "column": 25 },
          "end": { "line": 84, "column": 26 }
        },
        "loc": {
          "start": { "line": 84, "column": 54 },
          "end": { "line": 86, "column": 1 }
        }
      }
    },
    "branchMap": {},
    "s": {
      "0": 1,
      "1": 1,
      "2": 1,
      "3": 1,
      "4": 0,
      "5": 1,
      "6": 0,
      "7": 1,
      "8": 0,
      "9": 1,
      "10": 0,
      "11": 1,
      "12": 0,
      "13": 1,
      "14": 0,
      "15": 1,
      "16": 0,
      "17": 1,
      "18": 0,
      "19": 1
    },
    "f": { "0": 0, "1": 0, "2": 0, "3": 0, "4": 0, "5": 0, "6": 0, "7": 0 },
    "b": {}
  }
}
