{
  "/mnt/d/Github/Kubby-buddy/server/controllers/containerController.ts": {
    "path": "/mnt/d/Github/Kubby-buddy/server/controllers/containerController.ts",
    "statementMap": {
      "0": {
        "start": { "line": 2, "column": 0 },
        "end": { "line": 2, "column": 37 }
      },
      "1": {
        "start": { "line": 4, "column": 0 },
        "end": { "line": 4, "column": 33 }
      },
      "2": {
        "start": { "line": 6, "column": 22 },
        "end": { "line": 6, "column": 37 }
      },
      "3": {
        "start": { "line": 9, "column": 13 },
        "end": { "line": 9, "column": 87 }
      },
      "4": {
        "start": { "line": 10, "column": 13 },
        "end": { "line": 10, "column": 104 }
      },
      "5": {
        "start": { "line": 11, "column": 13 },
        "end": { "line": 11, "column": 64 }
      },
      "6": {
        "start": { "line": 12, "column": 13 },
        "end": { "line": 12, "column": 66 }
      },
      "7": {
        "start": { "line": 13, "column": 13 },
        "end": { "line": 13, "column": 82 }
      },
      "8": {
        "start": { "line": 14, "column": 13 },
        "end": { "line": 14, "column": 65 }
      },
      "9": {
        "start": { "line": 15, "column": 13 },
        "end": { "line": 15, "column": 63 }
      },
      "10": {
        "start": { "line": 39, "column": 21 },
        "end": { "line": 39, "column": 43 }
      },
      "11": {
        "start": { "line": 42, "column": 2 },
        "end": { "line": 44, "column": null }
      },
      "12": {
        "start": { "line": 43, "column": 4 },
        "end": { "line": 43, "column": 14 }
      },
      "13": {
        "start": { "line": 46, "column": 23 },
        "end": { "line": 49, "column": 47 }
      },
      "14": {
        "start": { "line": 48, "column": 22 },
        "end": { "line": 48, "column": 41 }
      },
      "15": {
        "start": { "line": 49, "column": 19 },
        "end": { "line": 49, "column": 47 }
      },
      "16": {
        "start": { "line": 51, "column": 2 },
        "end": { "line": 51, "column": 22 }
      },
      "17": {
        "start": { "line": 36, "column": 0 },
        "end": { "line": 36, "column": 16 }
      },
      "18": {
        "start": { "line": 57, "column": 21 },
        "end": { "line": 57, "column": 43 }
      },
      "19": {
        "start": { "line": 60, "column": 2 },
        "end": { "line": 62, "column": null }
      },
      "20": {
        "start": { "line": 61, "column": 4 },
        "end": { "line": 61, "column": 14 }
      },
      "21": {
        "start": { "line": 64, "column": 23 },
        "end": { "line": 70, "column": 6 }
      },
      "22": {
        "start": { "line": 66, "column": 22 },
        "end": { "line": 66, "column": 41 }
      },
      "23": {
        "start": { "line": 68, "column": 19 },
        "end": { "line": 68, "column": 46 }
      },
      "24": {
        "start": { "line": 69, "column": 6 },
        "end": { "line": 69, "column": 22 }
      },
      "25": {
        "start": { "line": 72, "column": 2 },
        "end": { "line": 72, "column": 22 }
      },
      "26": {
        "start": { "line": 54, "column": 0 },
        "end": { "line": 54, "column": 16 }
      },
      "27": {
        "start": { "line": 78, "column": 21 },
        "end": { "line": 80, "column": 35 }
      },
      "28": {
        "start": { "line": 82, "column": 23 },
        "end": { "line": 86, "column": 4 }
      },
      "29": {
        "start": { "line": 87, "column": 2 },
        "end": { "line": 87, "column": 22 }
      },
      "30": {
        "start": { "line": 75, "column": 0 },
        "end": { "line": 75, "column": 16 }
      },
      "31": {
        "start": { "line": 93, "column": 15 },
        "end": { "line": 93, "column": 39 }
      },
      "32": {
        "start": { "line": 96, "column": 2 },
        "end": { "line": 103, "column": null }
      },
      "33": {
        "start": { "line": 97, "column": 4 },
        "end": { "line": 102, "column": 6 }
      },
      "34": {
        "start": { "line": 105, "column": 20 },
        "end": { "line": 105, "column": 36 }
      },
      "35": {
        "start": { "line": 106, "column": 33 },
        "end": { "line": 107, "column": null }
      },
      "36": {
        "start": { "line": 107, "column": 14 },
        "end": { "line": 107, "column": null }
      },
      "37": {
        "start": { "line": 109, "column": 30 },
        "end": { "line": 110, "column": null }
      },
      "38": {
        "start": { "line": 110, "column": 4 },
        "end": { "line": 110, "column": null }
      },
      "39": {
        "start": { "line": 113, "column": 36 },
        "end": { "line": 113, "column": 38 }
      },
      "40": {
        "start": { "line": 114, "column": 2 },
        "end": { "line": 119, "column": null }
      },
      "41": {
        "start": { "line": 115, "column": 4 },
        "end": { "line": 118, "column": 37 }
      },
      "42": {
        "start": { "line": 117, "column": 21 },
        "end": { "line": 117, "column": 33 }
      },
      "43": {
        "start": { "line": 118, "column": 24 },
        "end": { "line": 118, "column": 36 }
      },
      "44": {
        "start": { "line": 121, "column": 33 },
        "end": { "line": 121, "column": 35 }
      },
      "45": {
        "start": { "line": 122, "column": 2 },
        "end": { "line": 126, "column": null }
      },
      "46": {
        "start": { "line": 123, "column": 4 },
        "end": { "line": 125, "column": 34 }
      },
      "47": {
        "start": { "line": 125, "column": 21 },
        "end": { "line": 125, "column": 33 }
      },
      "48": {
        "start": { "line": 128, "column": 17 },
        "end": { "line": 133, "column": 4 }
      },
      "49": {
        "start": { "line": 135, "column": 2 },
        "end": { "line": 135, "column": 16 }
      },
      "50": {
        "start": { "line": 90, "column": 0 },
        "end": { "line": 90, "column": 16 }
      },
      "51": {
        "start": { "line": 141, "column": 21 },
        "end": { "line": 141, "column": 45 }
      },
      "52": {
        "start": { "line": 144, "column": 2 },
        "end": { "line": 146, "column": null }
      },
      "53": {
        "start": { "line": 145, "column": 4 },
        "end": { "line": 145, "column": 29 }
      },
      "54": {
        "start": { "line": 148, "column": 20 },
        "end": { "line": 148, "column": 42 }
      },
      "55": {
        "start": { "line": 149, "column": 26 },
        "end": { "line": 151, "column": 4 }
      },
      "56": {
        "start": { "line": 150, "column": 4 },
        "end": { "line": 150, "column": 36 }
      },
      "57": {
        "start": { "line": 153, "column": 2 },
        "end": { "line": 153, "column": 25 }
      },
      "58": {
        "start": { "line": 138, "column": 0 },
        "end": { "line": 138, "column": 16 }
      },
      "59": {
        "start": { "line": 159, "column": 17 },
        "end": { "line": 159, "column": 41 }
      },
      "60": {
        "start": { "line": 160, "column": 2 },
        "end": { "line": 160, "column": 31 }
      },
      "61": {
        "start": { "line": 156, "column": 0 },
        "end": { "line": 156, "column": 16 }
      },
      "62": {
        "start": { "line": 163, "column": 13 },
        "end": { "line": 374, "column": 2 }
      },
      "63": {
        "start": { "line": 168, "column": 22 },
        "end": { "line": 193, "column": null }
      },
      "64": {
        "start": { "line": 171, "column": 33 },
        "end": { "line": 173, "column": null }
      },
      "65": {
        "start": { "line": 171, "column": 12 },
        "end": { "line": 171, "column": 33 }
      },
      "66": {
        "start": { "line": 174, "column": 6 },
        "end": { "line": 182, "column": null }
      },
      "67": {
        "start": { "line": 175, "column": 14 },
        "end": { "line": 180, "column": 10 }
      },
      "68": {
        "start": { "line": 181, "column": 8 },
        "end": { "line": 181, "column": 27 }
      },
      "69": {
        "start": { "line": 183, "column": 6 },
        "end": { "line": 183, "column": 60 }
      },
      "70": {
        "start": { "line": 184, "column": 6 },
        "end": { "line": 184, "column": 13 }
      },
      "71": {
        "start": { "line": 186, "column": 12 },
        "end": { "line": 190, "column": 8 }
      },
      "72": {
        "start": { "line": 191, "column": 6 },
        "end": { "line": 191, "column": 25 }
      },
      "73": {
        "start": { "line": 199, "column": 22 },
        "end": { "line": 224, "column": null }
      },
      "74": {
        "start": { "line": 202, "column": 33 },
        "end": { "line": 204, "column": null }
      },
      "75": {
        "start": { "line": 202, "column": 12 },
        "end": { "line": 202, "column": 33 }
      },
      "76": {
        "start": { "line": 205, "column": 6 },
        "end": { "line": 213, "column": null }
      },
      "77": {
        "start": { "line": 206, "column": 14 },
        "end": { "line": 211, "column": 10 }
      },
      "78": {
        "start": { "line": 212, "column": 8 },
        "end": { "line": 212, "column": 27 }
      },
      "79": {
        "start": { "line": 214, "column": 6 },
        "end": { "line": 214, "column": 70 }
      },
      "80": {
        "start": { "line": 215, "column": 6 },
        "end": { "line": 215, "column": 13 }
      },
      "81": {
        "start": { "line": 217, "column": 12 },
        "end": { "line": 221, "column": 8 }
      },
      "82": {
        "start": { "line": 222, "column": 6 },
        "end": { "line": 222, "column": 25 }
      },
      "83": {
        "start": { "line": 230, "column": 22 },
        "end": { "line": 261, "column": null }
      },
      "84": {
        "start": { "line": 232, "column": 4 },
        "end": { "line": 232, "column": 43 }
      },
      "85": {
        "start": { "line": 233, "column": 4 },
        "end": { "line": 235, "column": null }
      },
      "86": {
        "start": { "line": 234, "column": 6 },
        "end": { "line": 234, "column": 13 }
      },
      "87": {
        "start": { "line": 236, "column": 12 },
        "end": { "line": 236, "column": 21 }
      },
      "88": {
        "start": { "line": 239, "column": 33 },
        "end": { "line": 241, "column": null }
      },
      "89": {
        "start": { "line": 239, "column": 12 },
        "end": { "line": 239, "column": 33 }
      },
      "90": {
        "start": { "line": 242, "column": 6 },
        "end": { "line": 250, "column": null }
      },
      "91": {
        "start": { "line": 243, "column": 14 },
        "end": { "line": 248, "column": 10 }
      },
      "92": {
        "start": { "line": 249, "column": 8 },
        "end": { "line": 249, "column": 27 }
      },
      "93": {
        "start": { "line": 251, "column": 6 },
        "end": { "line": 251, "column": 65 }
      },
      "94": {
        "start": { "line": 252, "column": 6 },
        "end": { "line": 252, "column": 13 }
      },
      "95": {
        "start": { "line": 254, "column": 12 },
        "end": { "line": 258, "column": 8 }
      },
      "96": {
        "start": { "line": 259, "column": 6 },
        "end": { "line": 259, "column": 25 }
      },
      "97": {
        "start": { "line": 267, "column": 22 },
        "end": { "line": 293, "column": null }
      },
      "98": {
        "start": { "line": 269, "column": 12 },
        "end": { "line": 269, "column": 21 }
      },
      "99": {
        "start": { "line": 271, "column": 33 },
        "end": { "line": 273, "column": null }
      },
      "100": {
        "start": { "line": 271, "column": 12 },
        "end": { "line": 271, "column": 33 }
      },
      "101": {
        "start": { "line": 274, "column": 6 },
        "end": { "line": 282, "column": null }
      },
      "102": {
        "start": { "line": 275, "column": 14 },
        "end": { "line": 280, "column": 10 }
      },
      "103": {
        "start": { "line": 281, "column": 8 },
        "end": { "line": 281, "column": 27 }
      },
      "104": {
        "start": { "line": 283, "column": 6 },
        "end": { "line": 283, "column": 65 }
      },
      "105": {
        "start": { "line": 284, "column": 6 },
        "end": { "line": 284, "column": 13 }
      },
      "106": {
        "start": { "line": 286, "column": 12 },
        "end": { "line": 290, "column": 8 }
      },
      "107": {
        "start": { "line": 291, "column": 6 },
        "end": { "line": 291, "column": 25 }
      },
      "108": {
        "start": { "line": 299, "column": 22 },
        "end": { "line": 324, "column": null }
      },
      "109": {
        "start": { "line": 302, "column": 33 },
        "end": { "line": 304, "column": null }
      },
      "110": {
        "start": { "line": 302, "column": 12 },
        "end": { "line": 302, "column": 33 }
      },
      "111": {
        "start": { "line": 305, "column": 6 },
        "end": { "line": 313, "column": null }
      },
      "112": {
        "start": { "line": 306, "column": 14 },
        "end": { "line": 311, "column": 10 }
      },
      "113": {
        "start": { "line": 312, "column": 8 },
        "end": { "line": 312, "column": 27 }
      },
      "114": {
        "start": { "line": 314, "column": 6 },
        "end": { "line": 314, "column": 79 }
      },
      "115": {
        "start": { "line": 315, "column": 6 },
        "end": { "line": 315, "column": 13 }
      },
      "116": {
        "start": { "line": 317, "column": 12 },
        "end": { "line": 321, "column": 8 }
      },
      "117": {
        "start": { "line": 322, "column": 6 },
        "end": { "line": 322, "column": 25 }
      },
      "118": {
        "start": { "line": 327, "column": 72 },
        "end": { "line": 343, "column": null }
      },
      "119": {
        "start": { "line": 328, "column": 4 },
        "end": { "line": 328, "column": 27 }
      },
      "120": {
        "start": { "line": 329, "column": 12 },
        "end": { "line": 329, "column": 21 }
      },
      "121": {
        "start": { "line": 331, "column": 25 },
        "end": { "line": 331, "column": null }
      },
      "122": {
        "start": { "line": 331, "column": 14 },
        "end": { "line": 331, "column": 25 }
      },
      "123": {
        "start": { "line": 333, "column": 6 },
        "end": { "line": 333, "column": 45 }
      },
      "124": {
        "start": { "line": 334, "column": 6 },
        "end": { "line": 334, "column": 13 }
      },
      "125": {
        "start": { "line": 336, "column": 12 },
        "end": { "line": 340, "column": 8 }
      },
      "126": {
        "start": { "line": 341, "column": 6 },
        "end": { "line": 341, "column": 25 }
      },
      "127": {
        "start": { "line": 348, "column": 22 },
        "end": { "line": 373, "column": null }
      },
      "128": {
        "start": { "line": 350, "column": 12 },
        "end": { "line": 350, "column": 21 }
      },
      "129": {
        "start": { "line": 352, "column": 33 },
        "end": { "line": 354, "column": null }
      },
      "130": {
        "start": { "line": 352, "column": 12 },
        "end": { "line": 352, "column": 33 }
      },
      "131": {
        "start": { "line": 355, "column": 6 },
        "end": { "line": 362, "column": null }
      },
      "132": {
        "start": { "line": 356, "column": 14 },
        "end": { "line": 360, "column": 10 }
      },
      "133": {
        "start": { "line": 361, "column": 8 },
        "end": { "line": 361, "column": 27 }
      },
      "134": {
        "start": { "line": 363, "column": 6 },
        "end": { "line": 363, "column": 79 }
      },
      "135": {
        "start": { "line": 364, "column": 6 },
        "end": { "line": 364, "column": 13 }
      },
      "136": {
        "start": { "line": 366, "column": 12 },
        "end": { "line": 370, "column": 8 }
      },
      "137": {
        "start": { "line": 371, "column": 6 },
        "end": { "line": 371, "column": 25 }
      },
      "138": {
        "start": { "line": 376, "column": 0 },
        "end": { "line": 376, "column": 35 }
      }
    },
    "fnMap": {
      "0": {
        "name": "parseOutputContainers",
        "decl": {
          "start": { "line": 36, "column": 16 },
          "end": { "line": 36, "column": 37 }
        },
        "loc": {
          "start": { "line": 37, "column": 23 },
          "end": { "line": 52, "column": 1 }
        }
      },
      "1": {
        "name": "(anonymous_14)",
        "decl": {
          "start": { "line": 48, "column": 12 },
          "end": { "line": 48, "column": 13 }
        },
        "loc": {
          "start": { "line": 48, "column": 17 },
          "end": { "line": 48, "column": 26 }
        }
      },
      "2": {
        "name": "(anonymous_15)",
        "decl": {
          "start": { "line": 49, "column": 9 },
          "end": { "line": 49, "column": 10 }
        },
        "loc": {
          "start": { "line": 49, "column": 14 },
          "end": { "line": 49, "column": 23 }
        }
      },
      "3": {
        "name": "parseOutputContainersNames",
        "decl": {
          "start": { "line": 54, "column": 16 },
          "end": { "line": 54, "column": 42 }
        },
        "loc": {
          "start": { "line": 55, "column": 23 },
          "end": { "line": 73, "column": 1 }
        }
      },
      "4": {
        "name": "(anonymous_17)",
        "decl": {
          "start": { "line": 66, "column": 12 },
          "end": { "line": 66, "column": 13 }
        },
        "loc": {
          "start": { "line": 66, "column": 17 },
          "end": { "line": 66, "column": 26 }
        }
      },
      "5": {
        "name": "(anonymous_18)",
        "decl": {
          "start": { "line": 67, "column": 9 },
          "end": { "line": 67, "column": 10 }
        },
        "loc": {
          "start": { "line": 67, "column": 14 },
          "end": { "line": 70, "column": 5 }
        }
      },
      "6": {
        "name": "parseOutputStartStop",
        "decl": {
          "start": { "line": 75, "column": 16 },
          "end": { "line": 75, "column": 36 }
        },
        "loc": {
          "start": { "line": 76, "column": 23 },
          "end": { "line": 88, "column": 1 }
        }
      },
      "7": {
        "name": "parseOutputPruneStoppedContainers",
        "decl": {
          "start": { "line": 90, "column": 16 },
          "end": { "line": 90, "column": 49 }
        },
        "loc": {
          "start": { "line": 91, "column": 25 },
          "end": { "line": 136, "column": 1 }
        }
      },
      "8": {
        "name": "(anonymous_21)",
        "decl": {
          "start": { "line": 107, "column": 4 },
          "end": { "line": 107, "column": 5 }
        },
        "loc": {
          "start": { "line": 107, "column": 9 },
          "end": { "line": 107, "column": 18 }
        }
      },
      "9": {
        "name": "(anonymous_22)",
        "decl": {
          "start": { "line": 109, "column": 50 },
          "end": { "line": 109, "column": 51 }
        },
        "loc": {
          "start": { "line": 109, "column": 55 },
          "end": { "line": 110, "column": 8 }
        }
      },
      "10": {
        "name": "(anonymous_23)",
        "decl": {
          "start": { "line": 117, "column": 11 },
          "end": { "line": 117, "column": 12 }
        },
        "loc": {
          "start": { "line": 117, "column": 16 },
          "end": { "line": 117, "column": 25 }
        }
      },
      "11": {
        "name": "(anonymous_24)",
        "decl": {
          "start": { "line": 118, "column": 14 },
          "end": { "line": 118, "column": 15 }
        },
        "loc": {
          "start": { "line": 118, "column": 19 },
          "end": { "line": 118, "column": 28 }
        }
      },
      "12": {
        "name": "(anonymous_25)",
        "decl": {
          "start": { "line": 125, "column": 11 },
          "end": { "line": 125, "column": 12 }
        },
        "loc": {
          "start": { "line": 125, "column": 16 },
          "end": { "line": 125, "column": 25 }
        }
      },
      "13": {
        "name": "transformLogs",
        "decl": {
          "start": { "line": 138, "column": 16 },
          "end": { "line": 138, "column": 29 }
        },
        "loc": {
          "start": { "line": 139, "column": 25 },
          "end": { "line": 154, "column": 1 }
        }
      },
      "14": {
        "name": "(anonymous_27)",
        "decl": {
          "start": { "line": 149, "column": 40 },
          "end": { "line": 149, "column": 41 }
        },
        "loc": {
          "start": { "line": 149, "column": 45 },
          "end": { "line": 151, "column": 3 }
        }
      },
      "15": {
        "name": "parseOutputRemoveSpecificContainer",
        "decl": {
          "start": { "line": 156, "column": 16 },
          "end": { "line": 156, "column": 50 }
        },
        "loc": {
          "start": { "line": 157, "column": 25 },
          "end": { "line": 161, "column": 1 }
        }
      },
      "16": {
        "name": "(anonymous_29)",
        "decl": {
          "start": { "line": 165, "column": 27 },
          "end": { "line": 165, "column": null }
        },
        "loc": {
          "start": { "line": 168, "column": 22 },
          "end": { "line": 193, "column": null }
        }
      },
      "17": {
        "name": "(anonymous_30)",
        "decl": {
          "start": { "line": 168, "column": 22 },
          "end": { "line": 168, "column": null }
        },
        "loc": {
          "start": { "line": 168, "column": 22 },
          "end": { "line": 193, "column": null }
        }
      },
      "18": {
        "name": "(anonymous_32)",
        "decl": {
          "start": { "line": 196, "column": 32 },
          "end": { "line": 196, "column": null }
        },
        "loc": {
          "start": { "line": 199, "column": 22 },
          "end": { "line": 224, "column": null }
        }
      },
      "19": {
        "name": "(anonymous_33)",
        "decl": {
          "start": { "line": 199, "column": 22 },
          "end": { "line": 199, "column": null }
        },
        "loc": {
          "start": { "line": 199, "column": 22 },
          "end": { "line": 224, "column": null }
        }
      },
      "20": {
        "name": "(anonymous_35)",
        "decl": {
          "start": { "line": 227, "column": 26 },
          "end": { "line": 227, "column": null }
        },
        "loc": {
          "start": { "line": 230, "column": 22 },
          "end": { "line": 261, "column": null }
        }
      },
      "21": {
        "name": "(anonymous_36)",
        "decl": {
          "start": { "line": 230, "column": 22 },
          "end": { "line": 230, "column": null }
        },
        "loc": {
          "start": { "line": 230, "column": 22 },
          "end": { "line": 261, "column": null }
        }
      },
      "22": {
        "name": "(anonymous_38)",
        "decl": {
          "start": { "line": 264, "column": 27 },
          "end": { "line": 264, "column": null }
        },
        "loc": {
          "start": { "line": 267, "column": 22 },
          "end": { "line": 293, "column": null }
        }
      },
      "23": {
        "name": "(anonymous_39)",
        "decl": {
          "start": { "line": 267, "column": 22 },
          "end": { "line": 267, "column": null }
        },
        "loc": {
          "start": { "line": 267, "column": 22 },
          "end": { "line": 293, "column": null }
        }
      },
      "24": {
        "name": "(anonymous_41)",
        "decl": {
          "start": { "line": 296, "column": 26 },
          "end": { "line": 296, "column": null }
        },
        "loc": {
          "start": { "line": 299, "column": 22 },
          "end": { "line": 324, "column": null }
        }
      },
      "25": {
        "name": "(anonymous_42)",
        "decl": {
          "start": { "line": 299, "column": 22 },
          "end": { "line": 299, "column": null }
        },
        "loc": {
          "start": { "line": 299, "column": 22 },
          "end": { "line": 324, "column": null }
        }
      },
      "26": {
        "name": "(anonymous_44)",
        "decl": {
          "start": { "line": 327, "column": 18 },
          "end": { "line": 327, "column": 25 }
        },
        "loc": {
          "start": { "line": 327, "column": 72 },
          "end": { "line": 343, "column": null }
        }
      },
      "27": {
        "name": "(anonymous_45)",
        "decl": {
          "start": { "line": 327, "column": 72 },
          "end": { "line": 327, "column": null }
        },
        "loc": {
          "start": { "line": 327, "column": 72 },
          "end": { "line": 343, "column": null }
        }
      },
      "28": {
        "name": "(anonymous_47)",
        "decl": {
          "start": { "line": 345, "column": 27 },
          "end": { "line": 345, "column": null }
        },
        "loc": {
          "start": { "line": 348, "column": 22 },
          "end": { "line": 373, "column": null }
        }
      },
      "29": {
        "name": "(anonymous_48)",
        "decl": {
          "start": { "line": 348, "column": 22 },
          "end": { "line": 348, "column": null }
        },
        "loc": {
          "start": { "line": 348, "column": 22 },
          "end": { "line": 373, "column": null }
        }
      }
    },
    "branchMap": {
      "0": {
        "loc": {
          "start": { "line": 42, "column": 2 },
          "end": { "line": 44, "column": null }
        },
        "type": "if",
        "locations": [
          {
            "start": { "line": 42, "column": 2 },
            "end": { "line": 44, "column": null }
          }
        ]
      },
      "1": {
        "loc": {
          "start": { "line": 60, "column": 2 },
          "end": { "line": 62, "column": null }
        },
        "type": "if",
        "locations": [
          {
            "start": { "line": 60, "column": 2 },
            "end": { "line": 62, "column": null }
          }
        ]
      },
      "2": {
        "loc": {
          "start": { "line": 78, "column": 21 },
          "end": { "line": 80, "column": 35 }
        },
        "type": "cond-expr",
        "locations": [
          {
            "start": { "line": 79, "column": 6 },
            "end": { "line": 79, "column": 46 }
          },
          {
            "start": { "line": 80, "column": 6 },
            "end": { "line": 80, "column": 35 }
          }
        ]
      },
      "3": {
        "loc": {
          "start": { "line": 96, "column": 2 },
          "end": { "line": 103, "column": null }
        },
        "type": "if",
        "locations": [
          {
            "start": { "line": 96, "column": 2 },
            "end": { "line": 103, "column": null }
          }
        ]
      },
      "4": {
        "loc": {
          "start": { "line": 114, "column": 2 },
          "end": { "line": 119, "column": null }
        },
        "type": "if",
        "locations": [
          {
            "start": { "line": 114, "column": 2 },
            "end": { "line": 119, "column": null }
          }
        ]
      },
      "5": {
        "loc": {
          "start": { "line": 114, "column": 6 },
          "end": { "line": 114, "column": 65 }
        },
        "type": "binary-expr",
        "locations": [
          {
            "start": { "line": 114, "column": 6 },
            "end": { "line": 114, "column": 35 }
          },
          {
            "start": { "line": 114, "column": 39 },
            "end": { "line": 114, "column": 65 }
          }
        ]
      },
      "6": {
        "loc": {
          "start": { "line": 122, "column": 2 },
          "end": { "line": 126, "column": null }
        },
        "type": "if",
        "locations": [
          {
            "start": { "line": 122, "column": 2 },
            "end": { "line": 126, "column": null }
          }
        ]
      },
      "7": {
        "loc": {
          "start": { "line": 144, "column": 2 },
          "end": { "line": 146, "column": null }
        },
        "type": "if",
        "locations": [
          {
            "start": { "line": 144, "column": 2 },
            "end": { "line": 146, "column": null }
          }
        ]
      },
      "8": {
        "loc": {
          "start": { "line": 174, "column": 6 },
          "end": { "line": 182, "column": null }
        },
        "type": "if",
        "locations": [
          {
            "start": { "line": 174, "column": 6 },
            "end": { "line": 182, "column": null }
          }
        ]
      },
      "9": {
        "loc": {
          "start": { "line": 205, "column": 6 },
          "end": { "line": 213, "column": null }
        },
        "type": "if",
        "locations": [
          {
            "start": { "line": 205, "column": 6 },
            "end": { "line": 213, "column": null }
          }
        ]
      },
      "10": {
        "loc": {
          "start": { "line": 233, "column": 4 },
          "end": { "line": 235, "column": null }
        },
        "type": "if",
        "locations": [
          {
            "start": { "line": 233, "column": 4 },
            "end": { "line": 235, "column": null }
          }
        ]
      },
      "11": {
        "loc": {
          "start": { "line": 242, "column": 6 },
          "end": { "line": 250, "column": null }
        },
        "type": "if",
        "locations": [
          {
            "start": { "line": 242, "column": 6 },
            "end": { "line": 250, "column": null }
          }
        ]
      },
      "12": {
        "loc": {
          "start": { "line": 274, "column": 6 },
          "end": { "line": 282, "column": null }
        },
        "type": "if",
        "locations": [
          {
            "start": { "line": 274, "column": 6 },
            "end": { "line": 282, "column": null }
          }
        ]
      },
      "13": {
        "loc": {
          "start": { "line": 305, "column": 6 },
          "end": { "line": 313, "column": null }
        },
        "type": "if",
        "locations": [
          {
            "start": { "line": 305, "column": 6 },
            "end": { "line": 313, "column": null }
          }
        ]
      },
      "14": {
        "loc": {
          "start": { "line": 355, "column": 6 },
          "end": { "line": 362, "column": null }
        },
        "type": "if",
        "locations": [
          {
            "start": { "line": 355, "column": 6 },
            "end": { "line": 362, "column": null }
          }
        ]
      }
    },
    "s": {
      "0": 4,
      "1": 4,
      "2": 4,
      "3": 4,
      "4": 4,
      "5": 4,
      "6": 4,
      "7": 4,
      "8": 4,
      "9": 4,
      "10": 6,
      "11": 6,
      "12": 1,
      "13": 5,
      "14": 7,
      "15": 7,
      "16": 4,
      "17": 4,
      "18": 5,
      "19": 5,
      "20": 1,
      "21": 4,
      "22": 6,
      "23": 6,
      "24": 6,
      "25": 4,
      "26": 4,
      "27": 6,
      "28": 6,
      "29": 6,
      "30": 4,
      "31": 5,
      "32": 5,
      "33": 1,
      "34": 4,
      "35": 4,
      "36": 4,
      "37": 4,
      "38": 12,
      "39": 4,
      "40": 4,
      "41": 3,
      "42": 5,
      "43": 5,
      "44": 4,
      "45": 4,
      "46": 4,
      "47": 4,
      "48": 4,
      "49": 4,
      "50": 4,
      "51": 5,
      "52": 5,
      "53": 2,
      "54": 3,
      "55": 3,
      "56": 5,
      "57": 3,
      "58": 4,
      "59": 5,
      "60": 5,
      "61": 4,
      "62": 4,
      "63": 0,
      "64": 0,
      "65": 0,
      "66": 0,
      "67": 0,
      "68": 0,
      "69": 0,
      "70": 0,
      "71": 0,
      "72": 0,
      "73": 0,
      "74": 0,
      "75": 0,
      "76": 0,
      "77": 0,
      "78": 0,
      "79": 0,
      "80": 0,
      "81": 0,
      "82": 0,
      "83": 0,
      "84": 0,
      "85": 0,
      "86": 0,
      "87": 0,
      "88": 0,
      "89": 0,
      "90": 0,
      "91": 0,
      "92": 0,
      "93": 0,
      "94": 0,
      "95": 0,
      "96": 0,
      "97": 0,
      "98": 0,
      "99": 0,
      "100": 0,
      "101": 0,
      "102": 0,
      "103": 0,
      "104": 0,
      "105": 0,
      "106": 0,
      "107": 0,
      "108": 0,
      "109": 0,
      "110": 0,
      "111": 0,
      "112": 0,
      "113": 0,
      "114": 0,
      "115": 0,
      "116": 0,
      "117": 0,
      "118": 0,
      "119": 0,
      "120": 0,
      "121": 0,
      "122": 0,
      "123": 0,
      "124": 0,
      "125": 0,
      "126": 0,
      "127": 0,
      "128": 0,
      "129": 0,
      "130": 0,
      "131": 0,
      "132": 0,
      "133": 0,
      "134": 0,
      "135": 0,
      "136": 0,
      "137": 0,
      "138": 4
    },
    "f": {
      "0": 6,
      "1": 7,
      "2": 7,
      "3": 5,
      "4": 6,
      "5": 6,
      "6": 6,
      "7": 5,
      "8": 4,
      "9": 12,
      "10": 5,
      "11": 5,
      "12": 4,
      "13": 5,
      "14": 5,
      "15": 5,
      "16": 0,
      "17": 0,
      "18": 0,
      "19": 0,
      "20": 0,
      "21": 0,
      "22": 0,
      "23": 0,
      "24": 0,
      "25": 0,
      "26": 0,
      "27": 0,
      "28": 0,
      "29": 0
    },
    "b": {
      "0": [1],
      "1": [1],
      "2": [3, 3],
      "3": [1],
      "4": [3],
      "5": [4, 3],
      "6": [4],
      "7": [2],
      "8": [0],
      "9": [0],
      "10": [0],
      "11": [0],
      "12": [0],
      "13": [0],
      "14": [0]
    }
  },
  "/mnt/d/Github/Kubby-buddy/server/controllers/imageController.ts": {
    "path": "/mnt/d/Github/Kubby-buddy/server/controllers/imageController.ts",
    "statementMap": {
      "0": {
        "start": { "line": 2, "column": 0 },
        "end": { "line": 2, "column": 37 }
      },
      "1": {
        "start": { "line": 4, "column": 0 },
        "end": { "line": 4, "column": 38 }
      },
      "2": {
        "start": { "line": 5, "column": 22 },
        "end": { "line": 5, "column": 37 }
      },
      "3": {
        "start": { "line": 8, "column": 13 },
        "end": { "line": 8, "column": 69 }
      },
      "4": {
        "start": { "line": 9, "column": 13 },
        "end": { "line": 9, "column": 62 }
      },
      "5": {
        "start": { "line": 10, "column": 13 },
        "end": { "line": 10, "column": 64 }
      },
      "6": {
        "start": { "line": 11, "column": 13 },
        "end": { "line": 11, "column": 76 }
      },
      "7": {
        "start": { "line": 12, "column": 13 },
        "end": { "line": 12, "column": 63 }
      },
      "8": {
        "start": { "line": 41, "column": 23 },
        "end": { "line": 45, "column": 47 }
      },
      "9": {
        "start": { "line": 45, "column": 19 },
        "end": { "line": 45, "column": 47 }
      },
      "10": {
        "start": { "line": 47, "column": 2 },
        "end": { "line": 47, "column": 22 }
      },
      "11": {
        "start": { "line": 38, "column": 0 },
        "end": { "line": 38, "column": 16 }
      },
      "12": {
        "start": { "line": 53, "column": 21 },
        "end": { "line": 53, "column": 43 }
      },
      "13": {
        "start": { "line": 56, "column": 2 },
        "end": { "line": 58, "column": null }
      },
      "14": {
        "start": { "line": 57, "column": 4 },
        "end": { "line": 57, "column": 14 }
      },
      "15": {
        "start": { "line": 60, "column": 23 },
        "end": { "line": 63, "column": 47 }
      },
      "16": {
        "start": { "line": 62, "column": 22 },
        "end": { "line": 62, "column": 41 }
      },
      "17": {
        "start": { "line": 63, "column": 19 },
        "end": { "line": 63, "column": 47 }
      },
      "18": {
        "start": { "line": 65, "column": 2 },
        "end": { "line": 65, "column": 22 }
      },
      "19": {
        "start": { "line": 50, "column": 0 },
        "end": { "line": 50, "column": 16 }
      },
      "20": {
        "start": { "line": 71, "column": 2 },
        "end": { "line": 75, "column": null }
      },
      "21": {
        "start": { "line": 72, "column": 4 },
        "end": { "line": 72, "column": 16 }
      },
      "22": {
        "start": { "line": 74, "column": 4 },
        "end": { "line": 74, "column": 12 }
      },
      "23": {
        "start": { "line": 76, "column": 2 },
        "end": { "line": 76, "column": 12 }
      },
      "24": {
        "start": { "line": 68, "column": 0 },
        "end": { "line": 68, "column": 16 }
      },
      "25": {
        "start": { "line": 84, "column": 2 },
        "end": { "line": 93, "column": null }
      },
      "26": {
        "start": { "line": 86, "column": 4 },
        "end": { "line": 90, "column": null }
      },
      "27": {
        "start": { "line": 87, "column": 6 },
        "end": { "line": 87, "column": 48 }
      },
      "28": {
        "start": { "line": 89, "column": 6 },
        "end": { "line": 89, "column": 36 }
      },
      "29": {
        "start": { "line": 92, "column": 4 },
        "end": { "line": 92, "column": 13 }
      },
      "30": {
        "start": { "line": 94, "column": 2 },
        "end": { "line": 94, "column": 13 }
      },
      "31": {
        "start": { "line": 79, "column": 0 },
        "end": { "line": 79, "column": 16 }
      },
      "32": {
        "start": { "line": 101, "column": 6 },
        "end": { "line": 101, "column": 19 }
      },
      "33": {
        "start": { "line": 103, "column": 6 },
        "end": { "line": 103, "column": 10 }
      },
      "34": {
        "start": { "line": 104, "column": 31 },
        "end": { "line": 106, "column": null }
      },
      "35": {
        "start": { "line": 104, "column": 10 },
        "end": { "line": 104, "column": 31 }
      },
      "36": {
        "start": { "line": 108, "column": 4 },
        "end": { "line": 112, "column": null }
      },
      "37": {
        "start": { "line": 109, "column": 6 },
        "end": { "line": 111, "column": 8 }
      },
      "38": {
        "start": { "line": 114, "column": 10 },
        "end": { "line": 114, "column": 30 }
      },
      "39": {
        "start": { "line": 115, "column": 10 },
        "end": { "line": 115, "column": 38 }
      },
      "40": {
        "start": { "line": 116, "column": 10 },
        "end": { "line": 116, "column": 43 }
      },
      "41": {
        "start": { "line": 117, "column": 4 },
        "end": { "line": 121, "column": null }
      },
      "42": {
        "start": { "line": 118, "column": 6 },
        "end": { "line": 118, "column": 19 }
      },
      "43": {
        "start": { "line": 120, "column": 6 },
        "end": { "line": 120, "column": 39 }
      },
      "44": {
        "start": { "line": 124, "column": 2 },
        "end": { "line": 124, "column": 17 }
      },
      "45": {
        "start": { "line": 97, "column": 0 },
        "end": { "line": 97, "column": 22 }
      },
      "46": {
        "start": { "line": 130, "column": 17 },
        "end": { "line": 130, "column": 41 }
      },
      "47": {
        "start": { "line": 131, "column": 2 },
        "end": { "line": 131, "column": 31 }
      },
      "48": {
        "start": { "line": 127, "column": 0 },
        "end": { "line": 127, "column": 16 }
      },
      "49": {
        "start": { "line": 137, "column": 15 },
        "end": { "line": 137, "column": 39 }
      },
      "50": {
        "start": { "line": 140, "column": 2 },
        "end": { "line": 147, "column": null }
      },
      "51": {
        "start": { "line": 141, "column": 4 },
        "end": { "line": 146, "column": 6 }
      },
      "52": {
        "start": { "line": 149, "column": 20 },
        "end": { "line": 149, "column": 36 }
      },
      "53": {
        "start": { "line": 150, "column": 29 },
        "end": { "line": 151, "column": null }
      },
      "54": {
        "start": { "line": 151, "column": 14 },
        "end": { "line": 151, "column": null }
      },
      "55": {
        "start": { "line": 153, "column": 30 },
        "end": { "line": 154, "column": null }
      },
      "56": {
        "start": { "line": 154, "column": 4 },
        "end": { "line": 154, "column": null }
      },
      "57": {
        "start": { "line": 157, "column": 32 },
        "end": { "line": 157, "column": 34 }
      },
      "58": {
        "start": { "line": 158, "column": 2 },
        "end": { "line": 163, "column": null }
      },
      "59": {
        "start": { "line": 159, "column": 4 },
        "end": { "line": 162, "column": 37 }
      },
      "60": {
        "start": { "line": 161, "column": 21 },
        "end": { "line": 161, "column": 33 }
      },
      "61": {
        "start": { "line": 162, "column": 24 },
        "end": { "line": 162, "column": 36 }
      },
      "62": {
        "start": { "line": 165, "column": 33 },
        "end": { "line": 165, "column": 35 }
      },
      "63": {
        "start": { "line": 166, "column": 2 },
        "end": { "line": 170, "column": null }
      },
      "64": {
        "start": { "line": 167, "column": 4 },
        "end": { "line": 169, "column": 34 }
      },
      "65": {
        "start": { "line": 169, "column": 21 },
        "end": { "line": 169, "column": 33 }
      },
      "66": {
        "start": { "line": 172, "column": 17 },
        "end": { "line": 177, "column": 4 }
      },
      "67": {
        "start": { "line": 179, "column": 2 },
        "end": { "line": 179, "column": 16 }
      },
      "68": {
        "start": { "line": 134, "column": 0 },
        "end": { "line": 134, "column": 16 }
      },
      "69": {
        "start": { "line": 185, "column": 21 },
        "end": { "line": 185, "column": 45 }
      },
      "70": {
        "start": { "line": 188, "column": 2 },
        "end": { "line": 190, "column": null }
      },
      "71": {
        "start": { "line": 189, "column": 4 },
        "end": { "line": 189, "column": 29 }
      },
      "72": {
        "start": { "line": 192, "column": 20 },
        "end": { "line": 192, "column": 79 }
      },
      "73": {
        "start": { "line": 192, "column": 60 },
        "end": { "line": 192, "column": 79 }
      },
      "74": {
        "start": { "line": 193, "column": 2 },
        "end": { "line": 193, "column": 34 }
      },
      "75": {
        "start": { "line": 182, "column": 0 },
        "end": { "line": 182, "column": 16 }
      },
      "76": {
        "start": { "line": 196, "column": 13 },
        "end": { "line": 325, "column": 2 }
      },
      "77": {
        "start": { "line": 201, "column": 22 },
        "end": { "line": 223, "column": null }
      },
      "78": {
        "start": { "line": 204, "column": 33 },
        "end": { "line": 204, "column": null }
      },
      "79": {
        "start": { "line": 204, "column": 12 },
        "end": { "line": 204, "column": 33 }
      },
      "80": {
        "start": { "line": 205, "column": 6 },
        "end": { "line": 212, "column": null }
      },
      "81": {
        "start": { "line": 206, "column": 14 },
        "end": { "line": 210, "column": 10 }
      },
      "82": {
        "start": { "line": 211, "column": 8 },
        "end": { "line": 211, "column": 27 }
      },
      "83": {
        "start": { "line": 213, "column": 6 },
        "end": { "line": 213, "column": 58 }
      },
      "84": {
        "start": { "line": 214, "column": 6 },
        "end": { "line": 214, "column": 13 }
      },
      "85": {
        "start": { "line": 216, "column": 12 },
        "end": { "line": 220, "column": 8 }
      },
      "86": {
        "start": { "line": 221, "column": 6 },
        "end": { "line": 221, "column": 25 }
      },
      "87": {
        "start": { "line": 229, "column": 22 },
        "end": { "line": 265, "column": null }
      },
      "88": {
        "start": { "line": 231, "column": 10 },
        "end": { "line": 231, "column": 69 }
      },
      "89": {
        "start": { "line": 234, "column": 26 },
        "end": { "line": 234, "column": null }
      },
      "90": {
        "start": { "line": 234, "column": 12 },
        "end": { "line": 234, "column": null }
      },
      "91": {
        "start": { "line": 235, "column": 6 },
        "end": { "line": 240, "column": 8 }
      },
      "92": {
        "start": { "line": 241, "column": 33 },
        "end": { "line": 246, "column": null }
      },
      "93": {
        "start": { "line": 241, "column": 12 },
        "end": { "line": 241, "column": 33 }
      },
      "94": {
        "start": { "line": 247, "column": 6 },
        "end": { "line": 254, "column": null }
      },
      "95": {
        "start": { "line": 248, "column": 14 },
        "end": { "line": 252, "column": 10 }
      },
      "96": {
        "start": { "line": 253, "column": 8 },
        "end": { "line": 253, "column": 27 }
      },
      "97": {
        "start": { "line": 255, "column": 6 },
        "end": { "line": 255, "column": 73 }
      },
      "98": {
        "start": { "line": 256, "column": 6 },
        "end": { "line": 256, "column": 13 }
      },
      "99": {
        "start": { "line": 258, "column": 12 },
        "end": { "line": 262, "column": 8 }
      },
      "100": {
        "start": { "line": 263, "column": 6 },
        "end": { "line": 263, "column": 25 }
      },
      "101": {
        "start": { "line": 271, "column": 22 },
        "end": { "line": 293, "column": null }
      },
      "102": {
        "start": { "line": 274, "column": 33 },
        "end": { "line": 274, "column": null }
      },
      "103": {
        "start": { "line": 274, "column": 12 },
        "end": { "line": 274, "column": 33 }
      },
      "104": {
        "start": { "line": 275, "column": 6 },
        "end": { "line": 282, "column": null }
      },
      "105": {
        "start": { "line": 276, "column": 14 },
        "end": { "line": 280, "column": 10 }
      },
      "106": {
        "start": { "line": 281, "column": 8 },
        "end": { "line": 281, "column": 27 }
      },
      "107": {
        "start": { "line": 283, "column": 6 },
        "end": { "line": 283, "column": 63 }
      },
      "108": {
        "start": { "line": 284, "column": 6 },
        "end": { "line": 284, "column": 13 }
      },
      "109": {
        "start": { "line": 286, "column": 12 },
        "end": { "line": 290, "column": 8 }
      },
      "110": {
        "start": { "line": 291, "column": 6 },
        "end": { "line": 291, "column": 25 }
      },
      "111": {
        "start": { "line": 299, "column": 22 },
        "end": { "line": 324, "column": null }
      },
      "112": {
        "start": { "line": 301, "column": 12 },
        "end": { "line": 301, "column": 19 }
      },
      "113": {
        "start": { "line": 303, "column": 33 },
        "end": { "line": 305, "column": null }
      },
      "114": {
        "start": { "line": 303, "column": 12 },
        "end": { "line": 303, "column": 33 }
      },
      "115": {
        "start": { "line": 306, "column": 6 },
        "end": { "line": 313, "column": null }
      },
      "116": {
        "start": { "line": 307, "column": 14 },
        "end": { "line": 311, "column": 10 }
      },
      "117": {
        "start": { "line": 312, "column": 8 },
        "end": { "line": 312, "column": 27 }
      },
      "118": {
        "start": { "line": 314, "column": 6 },
        "end": { "line": 314, "column": 63 }
      },
      "119": {
        "start": { "line": 315, "column": 6 },
        "end": { "line": 315, "column": 13 }
      },
      "120": {
        "start": { "line": 317, "column": 12 },
        "end": { "line": 321, "column": 8 }
      },
      "121": {
        "start": { "line": 322, "column": 6 },
        "end": { "line": 322, "column": 25 }
      },
      "122": {
        "start": { "line": 327, "column": 0 },
        "end": { "line": 327, "column": 31 }
      }
    },
    "fnMap": {
      "0": {
        "name": "parseOutputContainers",
        "decl": {
          "start": { "line": 38, "column": 16 },
          "end": { "line": 38, "column": 37 }
        },
        "loc": {
          "start": { "line": 39, "column": 23 },
          "end": { "line": 48, "column": 1 }
        }
      },
      "1": {
        "name": "(anonymous_14)",
        "decl": {
          "start": { "line": 45, "column": 9 },
          "end": { "line": 45, "column": 10 }
        },
        "loc": {
          "start": { "line": 45, "column": 14 },
          "end": { "line": 45, "column": 23 }
        }
      },
      "2": {
        "name": "parseOutputGetAllImages",
        "decl": {
          "start": { "line": 50, "column": 16 },
          "end": { "line": 50, "column": 39 }
        },
        "loc": {
          "start": { "line": 51, "column": 23 },
          "end": { "line": 66, "column": 1 }
        }
      },
      "3": {
        "name": "(anonymous_16)",
        "decl": {
          "start": { "line": 62, "column": 12 },
          "end": { "line": 62, "column": 13 }
        },
        "loc": {
          "start": { "line": 62, "column": 17 },
          "end": { "line": 62, "column": 26 }
        }
      },
      "4": {
        "name": "(anonymous_17)",
        "decl": {
          "start": { "line": 63, "column": 9 },
          "end": { "line": 63, "column": 10 }
        },
        "loc": {
          "start": { "line": 63, "column": 14 },
          "end": { "line": 63, "column": 23 }
        }
      },
      "5": {
        "name": "setRmOption",
        "decl": {
          "start": { "line": 68, "column": 16 },
          "end": { "line": 68, "column": 27 }
        },
        "loc": {
          "start": { "line": 68, "column": 42 },
          "end": { "line": 77, "column": 1 }
        }
      },
      "6": {
        "name": "setVolOption",
        "decl": {
          "start": { "line": 79, "column": 16 },
          "end": { "line": 79, "column": 28 }
        },
        "loc": {
          "start": { "line": 81, "column": 23 },
          "end": { "line": 95, "column": 1 }
        }
      },
      "7": {
        "name": "getPortMapping",
        "decl": {
          "start": { "line": 97, "column": 22 },
          "end": { "line": 97, "column": 36 }
        },
        "loc": {
          "start": { "line": 99, "column": 15 },
          "end": { "line": 125, "column": null }
        }
      },
      "8": {
        "name": "parseOutputrunContainerFromImage",
        "decl": {
          "start": { "line": 127, "column": 16 },
          "end": { "line": 127, "column": 48 }
        },
        "loc": {
          "start": { "line": 128, "column": 25 },
          "end": { "line": 132, "column": 1 }
        }
      },
      "9": {
        "name": "parseOutputPruneUnusedImages",
        "decl": {
          "start": { "line": 134, "column": 16 },
          "end": { "line": 134, "column": 44 }
        },
        "loc": {
          "start": { "line": 135, "column": 25 },
          "end": { "line": 180, "column": 1 }
        }
      },
      "10": {
        "name": "(anonymous_25)",
        "decl": {
          "start": { "line": 151, "column": 4 },
          "end": { "line": 151, "column": 5 }
        },
        "loc": {
          "start": { "line": 151, "column": 9 },
          "end": { "line": 151, "column": 18 }
        }
      },
      "11": {
        "name": "(anonymous_26)",
        "decl": {
          "start": { "line": 153, "column": 50 },
          "end": { "line": 153, "column": 51 }
        },
        "loc": {
          "start": { "line": 153, "column": 55 },
          "end": { "line": 154, "column": 8 }
        }
      },
      "12": {
        "name": "(anonymous_27)",
        "decl": {
          "start": { "line": 161, "column": 11 },
          "end": { "line": 161, "column": 12 }
        },
        "loc": {
          "start": { "line": 161, "column": 16 },
          "end": { "line": 161, "column": 25 }
        }
      },
      "13": {
        "name": "(anonymous_28)",
        "decl": {
          "start": { "line": 162, "column": 14 },
          "end": { "line": 162, "column": 15 }
        },
        "loc": {
          "start": { "line": 162, "column": 19 },
          "end": { "line": 162, "column": 28 }
        }
      },
      "14": {
        "name": "(anonymous_29)",
        "decl": {
          "start": { "line": 169, "column": 11 },
          "end": { "line": 169, "column": 12 }
        },
        "loc": {
          "start": { "line": 169, "column": 16 },
          "end": { "line": 169, "column": 25 }
        }
      },
      "15": {
        "name": "parseOutputRemoveSingleImage",
        "decl": {
          "start": { "line": 182, "column": 16 },
          "end": { "line": 182, "column": 44 }
        },
        "loc": {
          "start": { "line": 183, "column": 25 },
          "end": { "line": 194, "column": 1 }
        }
      },
      "16": {
        "name": "(anonymous_31)",
        "decl": {
          "start": { "line": 192, "column": 50 },
          "end": { "line": 192, "column": 51 }
        },
        "loc": {
          "start": { "line": 192, "column": 55 },
          "end": { "line": 192, "column": 64 }
        }
      },
      "17": {
        "name": "(anonymous_32)",
        "decl": {
          "start": { "line": 198, "column": 16 },
          "end": { "line": 198, "column": null }
        },
        "loc": {
          "start": { "line": 201, "column": 22 },
          "end": { "line": 223, "column": null }
        }
      },
      "18": {
        "name": "(anonymous_33)",
        "decl": {
          "start": { "line": 201, "column": 22 },
          "end": { "line": 201, "column": null }
        },
        "loc": {
          "start": { "line": 201, "column": 22 },
          "end": { "line": 223, "column": null }
        }
      },
      "19": {
        "name": "(anonymous_35)",
        "decl": {
          "start": { "line": 226, "column": 25 },
          "end": { "line": 226, "column": null }
        },
        "loc": {
          "start": { "line": 229, "column": 22 },
          "end": { "line": 265, "column": null }
        }
      },
      "20": {
        "name": "(anonymous_36)",
        "decl": {
          "start": { "line": 229, "column": 22 },
          "end": { "line": 229, "column": null }
        },
        "loc": {
          "start": { "line": 229, "column": 22 },
          "end": { "line": 265, "column": null }
        }
      },
      "21": {
        "name": "(anonymous_38)",
        "decl": {
          "start": { "line": 268, "column": 21 },
          "end": { "line": 268, "column": null }
        },
        "loc": {
          "start": { "line": 271, "column": 22 },
          "end": { "line": 293, "column": null }
        }
      },
      "22": {
        "name": "(anonymous_39)",
        "decl": {
          "start": { "line": 271, "column": 22 },
          "end": { "line": 271, "column": null }
        },
        "loc": {
          "start": { "line": 271, "column": 22 },
          "end": { "line": 293, "column": null }
        }
      },
      "23": {
        "name": "(anonymous_41)",
        "decl": {
          "start": { "line": 296, "column": 21 },
          "end": { "line": 296, "column": null }
        },
        "loc": {
          "start": { "line": 299, "column": 22 },
          "end": { "line": 324, "column": null }
        }
      },
      "24": {
        "name": "(anonymous_42)",
        "decl": {
          "start": { "line": 299, "column": 22 },
          "end": { "line": 299, "column": null }
        },
        "loc": {
          "start": { "line": 299, "column": 22 },
          "end": { "line": 324, "column": null }
        }
      }
    },
    "branchMap": {
      "0": {
        "loc": {
          "start": { "line": 56, "column": 2 },
          "end": { "line": 58, "column": null }
        },
        "type": "if",
        "locations": [
          {
            "start": { "line": 56, "column": 2 },
            "end": { "line": 58, "column": null }
          }
        ]
      },
      "1": {
        "loc": {
          "start": { "line": 71, "column": 2 },
          "end": { "line": 75, "column": null }
        },
        "type": "if",
        "locations": [
          {
            "start": { "line": 71, "column": 2 },
            "end": { "line": 75, "column": null }
          },
          {
            "start": { "line": 73, "column": 9 },
            "end": { "line": 75, "column": null }
          }
        ]
      },
      "2": {
        "loc": {
          "start": { "line": 84, "column": 2 },
          "end": { "line": 93, "column": null }
        },
        "type": "if",
        "locations": [
          {
            "start": { "line": 84, "column": 2 },
            "end": { "line": 93, "column": null }
          },
          {
            "start": { "line": 91, "column": 9 },
            "end": { "line": 93, "column": null }
          }
        ]
      },
      "3": {
        "loc": {
          "start": { "line": 84, "column": 6 },
          "end": { "line": 84, "column": 44 }
        },
        "type": "binary-expr",
        "locations": [
          {
            "start": { "line": 84, "column": 6 },
            "end": { "line": 84, "column": 16 }
          },
          {
            "start": { "line": 84, "column": 20 },
            "end": { "line": 84, "column": 44 }
          }
        ]
      },
      "4": {
        "loc": {
          "start": { "line": 86, "column": 4 },
          "end": { "line": 90, "column": null }
        },
        "type": "if",
        "locations": [
          {
            "start": { "line": 86, "column": 4 },
            "end": { "line": 90, "column": null }
          },
          {
            "start": { "line": 88, "column": 11 },
            "end": { "line": 90, "column": null }
          }
        ]
      },
      "5": {
        "loc": {
          "start": { "line": 86, "column": 8 },
          "end": { "line": 86, "column": 52 }
        },
        "type": "binary-expr",
        "locations": [
          {
            "start": { "line": 86, "column": 8 },
            "end": { "line": 86, "column": 21 }
          },
          {
            "start": { "line": 86, "column": 25 },
            "end": { "line": 86, "column": 52 }
          }
        ]
      },
      "6": {
        "loc": {
          "start": { "line": 124, "column": 2 },
          "end": { "line": 124, "column": 17 }
        },
        "type": "switch",
        "locations": [
          {
            "start": { "line": 124, "column": 2 },
            "end": { "line": 124, "column": 17 }
          }
        ]
      },
      "7": {
        "loc": {
          "start": { "line": 103, "column": 6 },
          "end": { "line": 103, "column": 10 }
        },
        "type": "if",
        "locations": [
          {
            "start": { "line": 103, "column": 6 },
            "end": { "line": 103, "column": 10 }
          }
        ]
      },
      "8": {
        "loc": {
          "start": { "line": 103, "column": 6 },
          "end": { "line": 103, "column": 32 }
        },
        "type": "binary-expr",
        "locations": [
          {
            "start": { "line": 103, "column": 6 },
            "end": { "line": 103, "column": 10 }
          },
          {
            "start": { "line": 103, "column": 14 },
            "end": { "line": 103, "column": 32 }
          }
        ]
      },
      "9": {
        "loc": {
          "start": { "line": 108, "column": 4 },
          "end": { "line": 112, "column": null }
        },
        "type": "if",
        "locations": [
          {
            "start": { "line": 108, "column": 4 },
            "end": { "line": 112, "column": null }
          }
        ]
      },
      "10": {
        "loc": {
          "start": { "line": 116, "column": 19 },
          "end": { "line": 116, "column": 42 }
        },
        "type": "cond-expr",
        "locations": [
          {
            "start": { "line": 116, "column": 27 },
            "end": { "line": 116, "column": 35 }
          },
          {
            "start": { "line": 116, "column": 38 },
            "end": { "line": 116, "column": 42 }
          }
        ]
      },
      "11": {
        "loc": {
          "start": { "line": 117, "column": 4 },
          "end": { "line": 121, "column": null }
        },
        "type": "if",
        "locations": [
          {
            "start": { "line": 117, "column": 4 },
            "end": { "line": 121, "column": null }
          },
          {
            "start": { "line": 119, "column": 11 },
            "end": { "line": 121, "column": null }
          }
        ]
      },
      "12": {
        "loc": {
          "start": { "line": 140, "column": 2 },
          "end": { "line": 147, "column": null }
        },
        "type": "if",
        "locations": [
          {
            "start": { "line": 140, "column": 2 },
            "end": { "line": 147, "column": null }
          }
        ]
      },
      "13": {
        "loc": {
          "start": { "line": 158, "column": 2 },
          "end": { "line": 163, "column": null }
        },
        "type": "if",
        "locations": [
          {
            "start": { "line": 158, "column": 2 },
            "end": { "line": 163, "column": null }
          }
        ]
      },
      "14": {
        "loc": {
          "start": { "line": 158, "column": 6 },
          "end": { "line": 158, "column": 61 }
        },
        "type": "binary-expr",
        "locations": [
          {
            "start": { "line": 158, "column": 6 },
            "end": { "line": 158, "column": 31 }
          },
          {
            "start": { "line": 158, "column": 35 },
            "end": { "line": 158, "column": 61 }
          }
        ]
      },
      "15": {
        "loc": {
          "start": { "line": 166, "column": 2 },
          "end": { "line": 170, "column": null }
        },
        "type": "if",
        "locations": [
          {
            "start": { "line": 166, "column": 2 },
            "end": { "line": 170, "column": null }
          }
        ]
      },
      "16": {
        "loc": {
          "start": { "line": 188, "column": 2 },
          "end": { "line": 190, "column": null }
        },
        "type": "if",
        "locations": [
          {
            "start": { "line": 188, "column": 2 },
            "end": { "line": 190, "column": null }
          }
        ]
      },
      "17": {
        "loc": {
          "start": { "line": 205, "column": 6 },
          "end": { "line": 212, "column": null }
        },
        "type": "if",
        "locations": [
          {
            "start": { "line": 205, "column": 6 },
            "end": { "line": 212, "column": null }
          }
        ]
      },
      "18": {
        "loc": {
          "start": { "line": 247, "column": 6 },
          "end": { "line": 254, "column": null }
        },
        "type": "if",
        "locations": [
          {
            "start": { "line": 247, "column": 6 },
            "end": { "line": 254, "column": null }
          }
        ]
      },
      "19": {
        "loc": {
          "start": { "line": 275, "column": 6 },
          "end": { "line": 282, "column": null }
        },
        "type": "if",
        "locations": [
          {
            "start": { "line": 275, "column": 6 },
            "end": { "line": 282, "column": null }
          }
        ]
      },
      "20": {
        "loc": {
          "start": { "line": 306, "column": 6 },
          "end": { "line": 313, "column": null }
        },
        "type": "if",
        "locations": [
          {
            "start": { "line": 306, "column": 6 },
            "end": { "line": 313, "column": null }
          }
        ]
      }
    },
    "s": {
      "0": 2,
      "1": 2,
      "2": 2,
      "3": 2,
      "4": 2,
      "5": 2,
      "6": 2,
      "7": 2,
      "8": 4,
      "9": 7,
      "10": 2,
      "11": 2,
      "12": 7,
      "13": 7,
      "14": 1,
      "15": 6,
      "16": 8,
      "17": 8,
      "18": 4,
      "19": 2,
      "20": 7,
      "21": 2,
      "22": 5,
      "23": 7,
      "24": 2,
      "25": 10,
      "26": 6,
      "27": 2,
      "28": 4,
      "29": 4,
      "30": 10,
      "31": 2,
      "32": 7,
      "33": 13,
      "34": 1,
      "35": 1,
      "36": 0,
      "37": 0,
      "38": 0,
      "39": 0,
      "40": 0,
      "41": 0,
      "42": 0,
      "43": 0,
      "44": 6,
      "45": 2,
      "46": 5,
      "47": 5,
      "48": 2,
      "49": 4,
      "50": 4,
      "51": 0,
      "52": 4,
      "53": 4,
      "54": 4,
      "55": 4,
      "56": 23,
      "57": 4,
      "58": 4,
      "59": 2,
      "60": 17,
      "61": 17,
      "62": 4,
      "63": 4,
      "64": 4,
      "65": 4,
      "66": 4,
      "67": 4,
      "68": 2,
      "69": 5,
      "70": 5,
      "71": 1,
      "72": 4,
      "73": 9,
      "74": 4,
      "75": 2,
      "76": 2,
      "77": 0,
      "78": 0,
      "79": 0,
      "80": 0,
      "81": 0,
      "82": 0,
      "83": 0,
      "84": 0,
      "85": 0,
      "86": 0,
      "87": 0,
      "88": 0,
      "89": 0,
      "90": 0,
      "91": 0,
      "92": 0,
      "93": 0,
      "94": 0,
      "95": 0,
      "96": 0,
      "97": 0,
      "98": 0,
      "99": 0,
      "100": 0,
      "101": 0,
      "102": 0,
      "103": 0,
      "104": 0,
      "105": 0,
      "106": 0,
      "107": 0,
      "108": 0,
      "109": 0,
      "110": 0,
      "111": 0,
      "112": 0,
      "113": 0,
      "114": 0,
      "115": 0,
      "116": 0,
      "117": 0,
      "118": 0,
      "119": 0,
      "120": 0,
      "121": 0,
      "122": 2
    },
    "f": {
      "0": 4,
      "1": 7,
      "2": 7,
      "3": 8,
      "4": 8,
      "5": 7,
      "6": 10,
      "7": 7,
      "8": 5,
      "9": 4,
      "10": 4,
      "11": 23,
      "12": 17,
      "13": 17,
      "14": 4,
      "15": 5,
      "16": 9,
      "17": 0,
      "18": 0,
      "19": 0,
      "20": 0,
      "21": 0,
      "22": 0,
      "23": 0,
      "24": 0
    },
    "b": {
      "0": [1],
      "1": [2, 5],
      "2": [6, 4],
      "3": [10, 7],
      "4": [2, 4],
      "5": [6, 3],
      "6": [6],
      "7": [6],
      "8": [7, 3],
      "9": [0],
      "10": [0, 0],
      "11": [0, 0],
      "12": [0],
      "13": [2],
      "14": [4, 2],
      "15": [4],
      "16": [1],
      "17": [0],
      "18": [0],
      "19": [0],
      "20": [0]
    }
  },
  "/mnt/d/Github/Kubby-buddy/server/routes/containerRoutes.ts": {
    "path": "/mnt/d/Github/Kubby-buddy/server/routes/containerRoutes.ts",
    "statementMap": {
      "0": {
        "start": { "line": 1, "column": 0 },
        "end": { "line": 1, "column": 53 }
      },
      "1": {
        "start": { "line": 2, "column": 0 },
        "end": { "line": 2, "column": 69 }
      },
      "2": {
        "start": { "line": 5, "column": 24 },
        "end": { "line": 5, "column": 40 }
      },
      "3": {
        "start": { "line": 10, "column": 0 },
        "end": { "line": 16, "column": 2 }
      },
      "4": {
        "start": { "line": 14, "column": 4 },
        "end": { "line": 14, "column": 48 }
      },
      "5": {
        "start": { "line": 21, "column": 0 },
        "end": { "line": 27, "column": 2 }
      },
      "6": {
        "start": { "line": 25, "column": 4 },
        "end": { "line": 25, "column": 53 }
      },
      "7": {
        "start": { "line": 32, "column": 0 },
        "end": { "line": 38, "column": 2 }
      },
      "8": {
        "start": { "line": 36, "column": 4 },
        "end": { "line": 36, "column": 54 }
      },
      "9": {
        "start": { "line": 43, "column": 0 },
        "end": { "line": 49, "column": 2 }
      },
      "10": {
        "start": { "line": 47, "column": 4 },
        "end": { "line": 47, "column": 54 }
      },
      "11": {
        "start": { "line": 54, "column": 0 },
        "end": { "line": 60, "column": 2 }
      },
      "12": {
        "start": { "line": 58, "column": 4 },
        "end": { "line": 58, "column": 55 }
      },
      "13": {
        "start": { "line": 65, "column": 0 },
        "end": { "line": 71, "column": 2 }
      },
      "14": {
        "start": { "line": 69, "column": 4 },
        "end": { "line": 69, "column": 41 }
      },
      "15": {
        "start": { "line": 76, "column": 0 },
        "end": { "line": 82, "column": 2 }
      },
      "16": {
        "start": { "line": 80, "column": 4 },
        "end": { "line": 80, "column": 54 }
      },
      "17": {
        "start": { "line": 83, "column": 0 },
        "end": { "line": 85, "column": 3 }
      },
      "18": {
        "start": { "line": 84, "column": 2 },
        "end": { "line": 84, "column": 35 }
      },
      "19": {
        "start": { "line": 87, "column": 0 },
        "end": { "line": 87, "column": 31 }
      }
    },
    "fnMap": {
      "0": {
        "name": "(anonymous_1)",
        "decl": {
          "start": { "line": 13, "column": 2 },
          "end": { "line": 13, "column": 3 }
        },
        "loc": {
          "start": { "line": 13, "column": 31 },
          "end": { "line": 15, "column": 3 }
        }
      },
      "1": {
        "name": "(anonymous_2)",
        "decl": {
          "start": { "line": 24, "column": 2 },
          "end": { "line": 24, "column": 3 }
        },
        "loc": {
          "start": { "line": 24, "column": 31 },
          "end": { "line": 26, "column": 3 }
        }
      },
      "2": {
        "name": "(anonymous_3)",
        "decl": {
          "start": { "line": 35, "column": 2 },
          "end": { "line": 35, "column": 3 }
        },
        "loc": {
          "start": { "line": 35, "column": 31 },
          "end": { "line": 37, "column": 3 }
        }
      },
      "3": {
        "name": "(anonymous_4)",
        "decl": {
          "start": { "line": 46, "column": 2 },
          "end": { "line": 46, "column": 3 }
        },
        "loc": {
          "start": { "line": 46, "column": 31 },
          "end": { "line": 48, "column": 3 }
        }
      },
      "4": {
        "name": "(anonymous_5)",
        "decl": {
          "start": { "line": 57, "column": 2 },
          "end": { "line": 57, "column": 3 }
        },
        "loc": {
          "start": { "line": 57, "column": 31 },
          "end": { "line": 59, "column": 3 }
        }
      },
      "5": {
        "name": "(anonymous_6)",
        "decl": {
          "start": { "line": 68, "column": 2 },
          "end": { "line": 68, "column": 3 }
        },
        "loc": {
          "start": { "line": 68, "column": 31 },
          "end": { "line": 70, "column": 3 }
        }
      },
      "6": {
        "name": "(anonymous_7)",
        "decl": {
          "start": { "line": 79, "column": 2 },
          "end": { "line": 79, "column": 3 }
        },
        "loc": {
          "start": { "line": 79, "column": 31 },
          "end": { "line": 81, "column": 3 }
        }
      },
      "7": {
        "name": "(anonymous_8)",
        "decl": {
          "start": { "line": 83, "column": 25 },
          "end": { "line": 83, "column": 26 }
        },
        "loc": {
          "start": { "line": 83, "column": 54 },
          "end": { "line": 85, "column": 1 }
        }
      }
    },
    "branchMap": {},
    "s": {
      "0": 3,
      "1": 3,
      "2": 3,
      "3": 3,
      "4": 0,
      "5": 3,
      "6": 0,
      "7": 3,
      "8": 0,
      "9": 3,
      "10": 0,
      "11": 3,
      "12": 0,
      "13": 3,
      "14": 0,
      "15": 3,
      "16": 0,
      "17": 3,
      "18": 0,
      "19": 3
    },
    "f": { "0": 0, "1": 0, "2": 0, "3": 0, "4": 0, "5": 0, "6": 0, "7": 0 },
    "b": {}
  }
}
