TN:
SF:server/controllers/containerController.ts
FN:16,parseOutputContainers
FN:21,(anonymous_14)
FN:26,parseOutputContainersNames
FN:31,(anonymous_16)
FN:39,parseOutputStartStop
FN:50,parseOutputPruneStoppedContainers
FN:54,(anonymous_19)
FN:56,(anonymous_20)
FN:62,(anonymous_21)
FN:63,(anonymous_22)
FN:67,(anonymous_23)
FN:79,transformLogs
FN:83,(anonymous_25)
FN:88,(anonymous_26)
FN:99,parseOutputRemoveSpecificContainer
FN:107,(anonymous_28)
FN:110,(anonymous_29)
FN:138,(anonymous_31)
FN:141,(anonymous_32)
FN:171,(anonymous_34)
FN:174,(anonymous_35)
FN:209,(anonymous_37)
FN:212,(anonymous_38)
FN:242,(anonymous_40)
FN:245,(anonymous_41)
FN:274,(anonymous_43)
FN:274,(anonymous_44)
FN:292,(anonymous_46)
FN:295,(anonymous_47)
FNF:29
FNH:0
FNDA:0,parseOutputContainers
FNDA:0,(anonymous_14)
FNDA:0,parseOutputContainersNames
FNDA:0,(anonymous_16)
FNDA:0,parseOutputStartStop
FNDA:0,parseOutputPruneStoppedContainers
FNDA:0,(anonymous_19)
FNDA:0,(anonymous_20)
FNDA:0,(anonymous_21)
FNDA:0,(anonymous_22)
FNDA:0,(anonymous_23)
FNDA:0,transformLogs
FNDA:0,(anonymous_25)
FNDA:0,(anonymous_26)
FNDA:0,parseOutputRemoveSpecificContainer
FNDA:0,(anonymous_28)
FNDA:0,(anonymous_29)
FNDA:0,(anonymous_31)
FNDA:0,(anonymous_32)
FNDA:0,(anonymous_34)
FNDA:0,(anonymous_35)
FNDA:0,(anonymous_37)
FNDA:0,(anonymous_38)
FNDA:0,(anonymous_40)
FNDA:0,(anonymous_41)
FNDA:0,(anonymous_43)
FNDA:0,(anonymous_44)
FNDA:0,(anonymous_46)
FNDA:0,(anonymous_47)
DA:2,2
DA:4,2
DA:6,2
DA:8,2
DA:9,2
DA:10,2
DA:11,2
DA:12,2
DA:13,2
DA:14,2
DA:16,2
DA:17,0
DA:21,0
DA:23,0
DA:26,2
DA:27,0
DA:32,0
DA:33,0
DA:36,0
DA:39,2
DA:40,0
DA:47,0
DA:50,2
DA:51,0
DA:52,0
DA:53,0
DA:54,0
DA:56,0
DA:57,0
DA:60,0
DA:62,0
DA:63,0
DA:65,0
DA:67,0
DA:69,0
DA:76,0
DA:79,2
DA:80,0
DA:83,0
DA:84,0
DA:85,0
DA:87,0
DA:88,0
DA:89,0
DA:91,0
DA:96,0
DA:99,2
DA:100,0
DA:101,0
DA:104,2
DA:110,0
DA:113,0
DA:116,0
DA:117,0
DA:123,0
DA:125,0
DA:126,0
DA:128,0
DA:133,0
DA:141,0
DA:144,0
DA:147,0
DA:148,0
DA:154,0
DA:157,0
DA:158,0
DA:160,0
DA:165,0
DA:174,0
DA:176,0
DA:177,0
DA:178,0
DA:180,0
DA:183,0
DA:186,0
DA:187,0
DA:193,0
DA:195,0
DA:196,0
DA:198,0
DA:203,0
DA:212,0
DA:214,0
DA:216,0
DA:219,0
DA:220,0
DA:226,0
DA:228,0
DA:229,0
DA:231,0
DA:236,0
DA:245,0
DA:248,0
DA:251,0
DA:252,0
DA:258,0
DA:260,0
DA:261,0
DA:263,0
DA:268,0
DA:274,0
DA:275,0
DA:276,0
DA:278,0
DA:280,0
DA:281,0
DA:283,0
DA:288,0
DA:295,0
DA:297,0
DA:299,0
DA:302,0
DA:303,0
DA:308,0
DA:310,0
DA:311,0
DA:313,0
DA:318,0
DA:323,2
LF:119
LH:18
BRDA:42,0,0,0
BRDA:42,0,1,0
BRDA:87,1,0,0
BRDA:87,1,1,0
BRDA:116,2,0,0
BRDA:147,3,0,0
BRDA:177,4,0,0
BRDA:186,5,0,0
BRDA:219,6,0,0
BRDA:251,7,0,0
BRDA:302,8,0,0
BRF:11
BRH:0
end_of_record
TN:
SF:server/controllers/imageController.ts
FN:13,parseOutputContainers
FN:18,(anonymous_14)
FN:23,parseOutputGetAllImages
FN:28,(anonymous_16)
FN:33,setRmOption
FN:44,setVolOption
FN:59,getPortMapping
FN:86,parseOutputrunContainerFromImage
FN:91,parseOutputPruneUnusedImages
FN:95,(anonymous_24)
FN:97,(anonymous_25)
FN:103,(anonymous_26)
FN:104,(anonymous_27)
FN:108,(anonymous_28)
FN:120,parseOutputRemoveSingleImage
FN:126,(anonymous_30)
FN:129,(anonymous_31)
FN:153,(anonymous_33)
FN:156,(anonymous_34)
FN:379,(anonymous_36)
FN:382,(anonymous_37)
FN:486,(anonymous_39)
FN:489,(anonymous_40)
FNF:23
FNH:0
FNDA:0,parseOutputContainers
FNDA:0,(anonymous_14)
FNDA:0,parseOutputGetAllImages
FNDA:0,(anonymous_16)
FNDA:0,setRmOption
FNDA:0,setVolOption
FNDA:0,getPortMapping
FNDA:0,parseOutputrunContainerFromImage
FNDA:0,parseOutputPruneUnusedImages
FNDA:0,(anonymous_24)
FNDA:0,(anonymous_25)
FNDA:0,(anonymous_26)
FNDA:0,(anonymous_27)
FNDA:0,(anonymous_28)
FNDA:0,parseOutputRemoveSingleImage
FNDA:0,(anonymous_30)
FNDA:0,(anonymous_31)
FNDA:0,(anonymous_33)
FNDA:0,(anonymous_34)
FNDA:0,(anonymous_36)
FNDA:0,(anonymous_37)
FNDA:0,(anonymous_39)
FNDA:0,(anonymous_40)
DA:2,1
DA:4,1
DA:5,1
DA:7,1
DA:8,1
DA:9,1
DA:10,1
DA:11,1
DA:13,1
DA:14,0
DA:18,0
DA:20,0
DA:23,1
DA:24,0
DA:28,0
DA:30,0
DA:33,1
DA:36,0
DA:37,0
DA:39,0
DA:41,0
DA:44,1
DA:46,0
DA:48,0
DA:49,0
DA:51,0
DA:54,0
DA:56,0
DA:59,1
DA:60,0
DA:62,0
DA:63,0
DA:67,0
DA:68,0
DA:73,0
DA:74,0
DA:75,0
DA:76,0
DA:77,0
DA:79,0
DA:83,0
DA:86,1
DA:87,0
DA:88,0
DA:91,1
DA:92,0
DA:93,0
DA:94,0
DA:95,0
DA:97,0
DA:98,0
DA:101,0
DA:103,0
DA:104,0
DA:106,0
DA:108,0
DA:110,0
DA:117,0
DA:120,1
DA:121,0
DA:122,0
DA:125,1
DA:129,0
DA:132,0
DA:133,0
DA:134,0
DA:139,0
DA:141,0
DA:142,0
DA:144,0
DA:149,0
DA:156,0
DA:158,0
DA:215,0
DA:216,0
DA:222,0
DA:228,0
DA:229,0
DA:234,0
DA:236,0
DA:237,0
DA:239,0
DA:244,0
DA:382,0
DA:385,0
DA:386,0
DA:387,0
DA:392,0
DA:418,0
DA:419,0
DA:421,0
DA:426,0
DA:489,0
DA:491,0
DA:493,0
DA:496,0
DA:497,0
DA:502,0
DA:504,0
DA:505,0
DA:507,0
DA:512,0
DA:517,1
LF:103
LH:18
BRDA:36,0,0,0
BRDA:36,0,1,0
BRDA:46,1,0,0
BRDA:46,1,1,0
BRDA:46,2,0,0
BRDA:46,2,1,0
BRDA:48,3,0,0
BRDA:48,3,1,0
BRDA:48,4,0,0
BRDA:48,4,1,0
BRDA:83,5,0,0
BRDA:62,6,0,0
BRDA:62,7,0,0
BRDA:62,7,1,0
BRDA:67,8,0,0
BRDA:75,9,0,0
BRDA:75,9,1,0
BRDA:76,10,0,0
BRDA:76,10,1,0
BRDA:133,11,0,0
BRDA:228,12,0,0
BRDA:386,13,0,0
BRDA:496,14,0,0
BRF:23
BRH:0
end_of_record
TN:
SF:server/routes/containerRoutes.ts
FN:13,(anonymous_1)
FN:24,(anonymous_2)
FN:35,(anonymous_3)
FN:46,(anonymous_4)
FN:57,(anonymous_5)
FN:68,(anonymous_6)
FN:80,(anonymous_7)
FN:84,(anonymous_8)
FNF:8
FNH:0
FNDA:0,(anonymous_1)
FNDA:0,(anonymous_2)
FNDA:0,(anonymous_3)
FNDA:0,(anonymous_4)
FNDA:0,(anonymous_5)
FNDA:0,(anonymous_6)
FNDA:0,(anonymous_7)
FNDA:0,(anonymous_8)
DA:1,2
DA:2,2
DA:5,2
DA:10,2
DA:14,0
DA:21,2
DA:25,0
DA:32,2
DA:36,0
DA:43,2
DA:47,0
DA:54,2
DA:58,0
DA:65,2
DA:69,0
DA:77,2
DA:81,0
DA:84,2
DA:85,0
DA:88,2
LF:20
LH:12
BRF:0
BRH:0
end_of_record
