TN:
SF:server/controllers/containerController.ts
FN:16,parseOutputContainers
FN:21,(anonymous_14)
FN:26,parseOutputContainersNames
FN:31,(anonymous_16)
FN:39,parseOutputStartStop
FN:50,parseOutputPruneStoppedContainers
FN:54,(anonymous_19)
FN:56,(anonymous_20)
FN:62,(anonymous_21)
FN:63,(anonymous_22)
FN:67,(anonymous_23)
FN:79,transformLogs
FN:83,(anonymous_25)
FN:88,(anonymous_26)
FN:99,parseOutputRemoveSpecificContainer
FN:107,(anonymous_28)
FN:110,(anonymous_29)
FN:138,(anonymous_31)
FN:141,(anonymous_32)
FN:171,(anonymous_34)
FN:174,(anonymous_35)
FN:209,(anonymous_37)
FN:212,(anonymous_38)
FN:242,(anonymous_40)
FN:245,(anonymous_41)
FN:274,(anonymous_43)
FN:274,(anonymous_44)
FN:292,(anonymous_46)
FN:295,(anonymous_47)
FNF:29
FNH:5
FNDA:1,parseOutputContainers
FNDA:2,(anonymous_14)
FNDA:1,parseOutputContainersNames
FNDA:2,(anonymous_16)
FNDA:2,parseOutputStartStop
FNDA:0,parseOutputPruneStoppedContainers
FNDA:0,(anonymous_19)
FNDA:0,(anonymous_20)
FNDA:0,(anonymous_21)
FNDA:0,(anonymous_22)
FNDA:0,(anonymous_23)
FNDA:0,transformLogs
FNDA:0,(anonymous_25)
FNDA:0,(anonymous_26)
FNDA:0,parseOutputRemoveSpecificContainer
FNDA:0,(anonymous_28)
FNDA:0,(anonymous_29)
FNDA:0,(anonymous_31)
FNDA:0,(anonymous_32)
FNDA:0,(anonymous_34)
FNDA:0,(anonymous_35)
FNDA:0,(anonymous_37)
FNDA:0,(anonymous_38)
FNDA:0,(anonymous_40)
FNDA:0,(anonymous_41)
FNDA:0,(anonymous_43)
FNDA:0,(anonymous_44)
FNDA:0,(anonymous_46)
FNDA:0,(anonymous_47)
DA:2,1
DA:4,1
DA:6,1
DA:8,1
DA:9,1
DA:10,1
DA:11,1
DA:12,1
DA:13,1
DA:14,1
DA:16,1
DA:17,1
DA:21,2
DA:23,1
DA:26,1
DA:27,1
DA:32,2
DA:33,2
DA:36,1
DA:39,1
DA:40,2
DA:47,2
DA:50,1
DA:51,0
DA:52,0
DA:53,0
DA:54,0
DA:56,0
DA:57,0
DA:60,0
DA:62,0
DA:63,0
DA:65,0
DA:67,0
DA:69,0
DA:76,0
DA:79,1
DA:80,0
DA:83,0
DA:84,0
DA:85,0
DA:87,0
DA:88,0
DA:89,0
DA:91,0
DA:96,0
DA:99,1
DA:100,0
DA:101,0
DA:104,1
DA:110,0
DA:113,0
DA:116,0
DA:117,0
DA:123,0
DA:125,0
DA:126,0
DA:128,0
DA:133,0
DA:141,0
DA:144,0
DA:147,0
DA:148,0
DA:154,0
DA:157,0
DA:158,0
DA:160,0
DA:165,0
DA:174,0
DA:176,0
DA:177,0
DA:178,0
DA:180,0
DA:183,0
DA:186,0
DA:187,0
DA:193,0
DA:195,0
DA:196,0
DA:198,0
DA:203,0
DA:212,0
DA:214,0
DA:216,0
DA:219,0
DA:220,0
DA:226,0
DA:228,0
DA:229,0
DA:231,0
DA:236,0
DA:245,0
DA:248,0
DA:251,0
DA:252,0
DA:258,0
DA:260,0
DA:261,0
DA:263,0
DA:268,0
DA:274,0
DA:275,0
DA:276,0
DA:278,0
DA:280,0
DA:281,0
DA:283,0
DA:288,0
DA:295,0
DA:297,0
DA:299,0
DA:302,0
DA:303,0
DA:308,0
DA:310,0
DA:311,0
DA:313,0
DA:318,0
DA:323,1
LF:119
LH:27
BRDA:42,0,0,2
BRDA:42,0,1,0
BRDA:87,1,0,0
BRDA:87,1,1,0
BRDA:116,2,0,0
BRDA:147,3,0,0
BRDA:177,4,0,0
BRDA:186,5,0,0
BRDA:219,6,0,0
BRDA:251,7,0,0
BRDA:302,8,0,0
BRF:11
BRH:1
end_of_record
TN:
SF:server/routes/containerRoutes.ts
FN:13,(anonymous_1)
FN:24,(anonymous_2)
FN:35,(anonymous_3)
FN:46,(anonymous_4)
FN:57,(anonymous_5)
FN:68,(anonymous_6)
FN:80,(anonymous_7)
FN:84,(anonymous_8)
FNF:8
FNH:0
FNDA:0,(anonymous_1)
FNDA:0,(anonymous_2)
FNDA:0,(anonymous_3)
FNDA:0,(anonymous_4)
FNDA:0,(anonymous_5)
FNDA:0,(anonymous_6)
FNDA:0,(anonymous_7)
FNDA:0,(anonymous_8)
DA:1,1
DA:2,1
DA:5,1
DA:10,1
DA:14,0
DA:21,1
DA:25,0
DA:32,1
DA:36,0
DA:43,1
DA:47,0
DA:54,1
DA:58,0
DA:65,1
DA:69,0
DA:77,1
DA:81,0
DA:84,1
DA:85,0
DA:88,1
LF:20
LH:12
BRF:0
BRH:0
end_of_record
